[ 2016-01-21T12:43:58+08:00 ] ::1 /aliyunHost/yearMeeting/
INFO: [ app_init ] --START--
INFO: Run Behavior\BuildLiteBehavior [ RunTime:0.000023s ]
INFO: [ app_init ] --END-- [ RunTime:0.003642s ]
INFO: [ app_begin ] --START--
INFO: Run Behavior\ReadHtmlCacheBehavior [ RunTime:0.004042s ]
INFO: [ app_begin ] --END-- [ RunTime:0.004147s ]
INFO: [ view_parse ] --START--
INFO: [ template_filter ] --START--
INFO: Run Behavior\ContentReplaceBehavior [ RunTime:0.000041s ]
INFO: [ template_filter ] --END-- [ RunTime:0.000143s ]
INFO: Run Behavior\ParseTemplateBehavior [ RunTime:0.028138s ]
INFO: [ view_parse ] --END-- [ RunTime:0.028255s ]
INFO: [ view_filter ] --START--
INFO: Run Behavior\WriteHtmlCacheBehavior [ RunTime:0.000494s ]
INFO: [ view_filter ] --END-- [ RunTime:0.000585s ]
INFO: [ app_end ] --START--
INFO: Run Behavior\ShowPageTraceBehavior [ RunTime:0.005278s ]
INFO: [ app_end ] --END-- [ RunTime:0.005375s ]

[ 2016-01-21T15:44:51+08:00 ] ::1 /aliyunHost/yearMeeting/
INFO: [ app_init ] --START--
INFO: Run Behavior\BuildLiteBehavior [ RunTime:0.000014s ]
INFO: [ app_init ] --END-- [ RunTime:0.000675s ]
INFO: [ app_begin ] --START--
INFO: Run Behavior\ReadHtmlCacheBehavior [ RunTime:0.003890s ]
INFO: [ app_begin ] --END-- [ RunTime:0.003985s ]
INFO: [ view_parse ] --START--
INFO: [ template_filter ] --START--
INFO: Run Behavior\ContentReplaceBehavior [ RunTime:0.000044s ]
INFO: [ template_filter ] --END-- [ RunTime:0.000153s ]
INFO: Run Behavior\ParseTemplateBehavior [ RunTime:0.019631s ]
INFO: [ view_parse ] --END-- [ RunTime:0.019721s ]
INFO: [ view_filter ] --START--
INFO: Run Behavior\WriteHtmlCacheBehavior [ RunTime:0.002133s ]
INFO: [ view_filter ] --END-- [ RunTime:0.002226s ]
INFO: [ app_end ] --START--
INFO: Run Behavior\ShowPageTraceBehavior [ RunTime:0.003919s ]
INFO: [ app_end ] --END-- [ RunTime:0.004010s ]

[ 2016-01-21T15:44:52+08:00 ] ::1 /aliyunHost/yearMeeting/?s=/home/Index/signPage
INFO: [ app_init ] --START--
INFO: Run Behavior\BuildLiteBehavior [ RunTime:0.000009s ]
INFO: [ app_init ] --END-- [ RunTime:0.000193s ]
INFO: [ app_begin ] --START--
INFO: Run Behavior\ReadHtmlCacheBehavior [ RunTime:0.000262s ]
INFO: [ app_begin ] --END-- [ RunTime:0.000309s ]
INFO: [ view_parse ] --START--
INFO: [ template_filter ] --START--
INFO: Run Behavior\ContentReplaceBehavior [ RunTime:0.000065s ]
INFO: [ template_filter ] --END-- [ RunTime:0.000204s ]
INFO: Run Behavior\ParseTemplateBehavior [ RunTime:0.031112s ]
INFO: [ view_parse ] --END-- [ RunTime:0.031200s ]
INFO: [ view_filter ] --START--
INFO: Run Behavior\WriteHtmlCacheBehavior [ RunTime:0.000213s ]
INFO: [ view_filter ] --END-- [ RunTime:0.000260s ]
INFO: [ app_end ] --START--
INFO: Run Behavior\ShowPageTraceBehavior [ RunTime:0.000573s ]
INFO: [ app_end ] --END-- [ RunTime:0.000695s ]

[ 2016-01-21T15:45:17+08:00 ] ::1 /aliyunHost/yearMeeting/?s=/Home/Index/checkSignIn
INFO: [ app_init ] --START--
INFO: Run Behavior\BuildLiteBehavior [ RunTime:0.000021s ]
INFO: [ app_init ] --END-- [ RunTime:0.003958s ]
INFO: [ app_begin ] --START--
INFO: Run Behavior\ReadHtmlCacheBehavior [ RunTime:0.003754s ]
INFO: [ app_begin ] --END-- [ RunTime:0.003910s ]
SQL: SHOW COLUMNS FROM `user` [ RunTime:0.0787s ]
SQL: SHOW COLUMNS FROM `all_staff` [ RunTime:0.0078s ]
SQL: SELECT * FROM `all_staff` WHERE `real_name` = '2343565]' LIMIT 1   [ RunTime:0.0216s ]
SQL: SELECT * FROM `user` WHERE `real_name` = '2343565]' LIMIT 1   [ RunTime:0.0035s ]
NOTIC: [2] call_user_func() expects parameter 1 to be a valid callback, no array or string given /Library/WebServer/Documents/aliyunHost/yearMeeting/ThinkPHP/Library/Think/Upload.class.php 第 170 行.
NOTIC: [8] Undefined index: Expires /Library/WebServer/Documents/aliyunHost/yearMeeting/ThinkPHP/Library/Think/Upload/Driver/Qiniu/QiniuStorage.class.php 第 45 行.
NOTIC: [8] Undefined index: saveName /Library/WebServer/Documents/aliyunHost/yearMeeting/ThinkPHP/Library/Think/Upload/Driver/Qiniu/QiniuStorage.class.php 第 80 行.
NOTIC: [8] Undefined index: custom_fields /Library/WebServer/Documents/aliyunHost/yearMeeting/ThinkPHP/Library/Think/Upload/Driver/Qiniu/QiniuStorage.class.php 第 83 行.
NOTIC: [8] Undefined offset: 1 /Library/WebServer/Documents/aliyunHost/yearMeeting/ThinkPHP/Library/Think/Upload/Driver/Qiniu/QiniuStorage.class.php 第 290 行.
NOTIC: [8] Undefined offset: 1 /Library/WebServer/Documents/aliyunHost/yearMeeting/ThinkPHP/Library/Think/Upload/Driver/Qiniu/QiniuStorage.class.php 第 326 行.
NOTIC: [8] Undefined offset: 2 /Library/WebServer/Documents/aliyunHost/yearMeeting/ThinkPHP/Library/Think/Upload/Driver/Qiniu/QiniuStorage.class.php 第 327 行.
NOTIC: [8] Undefined offset: 1 /Library/WebServer/Documents/aliyunHost/yearMeeting/ThinkPHP/Library/Think/Upload/Driver/Qiniu/QiniuStorage.class.php 第 327 行.
INFO: [ view_parse ] --START--
INFO: [ template_filter ] --START--
INFO: Run Behavior\ContentReplaceBehavior [ RunTime:0.000056s ]
INFO: [ template_filter ] --END-- [ RunTime:0.000147s ]
INFO: Run Behavior\ParseTemplateBehavior [ RunTime:0.018330s ]
INFO: [ view_parse ] --END-- [ RunTime:0.018416s ]
INFO: [ view_filter ] --START--
INFO: Run Behavior\WriteHtmlCacheBehavior [ RunTime:0.001784s ]
INFO: [ view_filter ] --END-- [ RunTime:0.001853s ]

[ 2016-01-21T15:45:24+08:00 ] ::1 /aliyunHost/yearMeeting/?s=/Home/Index/checkSignIn
INFO: [ app_init ] --START--
INFO: Run Behavior\BuildLiteBehavior [ RunTime:0.000032s ]
INFO: [ app_init ] --END-- [ RunTime:0.000694s ]
INFO: [ app_begin ] --START--
INFO: Run Behavior\ReadHtmlCacheBehavior [ RunTime:0.000969s ]
INFO: [ app_begin ] --END-- [ RunTime:0.001063s ]
SQL: SHOW COLUMNS FROM `user` [ RunTime:0.0007s ]
SQL: SHOW COLUMNS FROM `all_staff` [ RunTime:0.0065s ]
SQL: SELECT * FROM `all_staff` WHERE `real_name` = '2343565' LIMIT 1   [ RunTime:0.0004s ]
SQL: SELECT * FROM `user` WHERE `real_name` = '2343565' LIMIT 1   [ RunTime:0.0026s ]
NOTIC: [2] call_user_func() expects parameter 1 to be a valid callback, no array or string given /Library/WebServer/Documents/aliyunHost/yearMeeting/ThinkPHP/Library/Think/Upload.class.php 第 170 行.
NOTIC: [8] Undefined index: Expires /Library/WebServer/Documents/aliyunHost/yearMeeting/ThinkPHP/Library/Think/Upload/Driver/Qiniu/QiniuStorage.class.php 第 45 行.
NOTIC: [8] Undefined index: saveName /Library/WebServer/Documents/aliyunHost/yearMeeting/ThinkPHP/Library/Think/Upload/Driver/Qiniu/QiniuStorage.class.php 第 80 行.
NOTIC: [8] Undefined index: custom_fields /Library/WebServer/Documents/aliyunHost/yearMeeting/ThinkPHP/Library/Think/Upload/Driver/Qiniu/QiniuStorage.class.php 第 83 行.
NOTIC: [8] Undefined offset: 1 /Library/WebServer/Documents/aliyunHost/yearMeeting/ThinkPHP/Library/Think/Upload/Driver/Qiniu/QiniuStorage.class.php 第 290 行.
NOTIC: [8] Undefined offset: 1 /Library/WebServer/Documents/aliyunHost/yearMeeting/ThinkPHP/Library/Think/Upload/Driver/Qiniu/QiniuStorage.class.php 第 326 行.
NOTIC: [8] Undefined offset: 2 /Library/WebServer/Documents/aliyunHost/yearMeeting/ThinkPHP/Library/Think/Upload/Driver/Qiniu/QiniuStorage.class.php 第 327 行.
NOTIC: [8] Undefined offset: 1 /Library/WebServer/Documents/aliyunHost/yearMeeting/ThinkPHP/Library/Think/Upload/Driver/Qiniu/QiniuStorage.class.php 第 327 行.
INFO: [ view_parse ] --START--
INFO: [ template_filter ] --START--
INFO: Run Behavior\ContentReplaceBehavior [ RunTime:0.000030s ]
INFO: [ template_filter ] --END-- [ RunTime:0.000074s ]
INFO: Run Behavior\ParseTemplateBehavior [ RunTime:0.007489s ]
INFO: [ view_parse ] --END-- [ RunTime:0.007536s ]
INFO: [ view_filter ] --START--
INFO: Run Behavior\WriteHtmlCacheBehavior [ RunTime:0.000096s ]
INFO: [ view_filter ] --END-- [ RunTime:0.000118s ]

[ 2016-01-21T15:46:32+08:00 ] ::1 /aliyunHost/yearMeeting/?s=/home/Index/signPage
INFO: [ app_init ] --START--
INFO: Run Behavior\BuildLiteBehavior [ RunTime:0.000021s ]
INFO: [ app_init ] --END-- [ RunTime:0.004635s ]
INFO: [ app_begin ] --START--
INFO: Run Behavior\ReadHtmlCacheBehavior [ RunTime:0.002280s ]
INFO: [ app_begin ] --END-- [ RunTime:0.002449s ]
INFO: [ view_parse ] --START--
INFO: [ template_filter ] --START--
INFO: Run Behavior\ContentReplaceBehavior [ RunTime:0.000155s ]
INFO: [ template_filter ] --END-- [ RunTime:0.000514s ]
INFO: Run Behavior\ParseTemplateBehavior [ RunTime:0.024606s ]
INFO: [ view_parse ] --END-- [ RunTime:0.024739s ]
INFO: [ view_filter ] --START--
INFO: Run Behavior\WriteHtmlCacheBehavior [ RunTime:0.001444s ]
INFO: [ view_filter ] --END-- [ RunTime:0.001537s ]
INFO: [ app_end ] --START--
INFO: Run Behavior\ShowPageTraceBehavior [ RunTime:0.004058s ]
INFO: [ app_end ] --END-- [ RunTime:0.004159s ]

[ 2016-01-21T15:46:35+08:00 ] ::1 /aliyunHost/yearMeeting/?s=/Home/Index/checkSignIn
INFO: [ app_init ] --START--
INFO: Run Behavior\BuildLiteBehavior [ RunTime:0.000008s ]
INFO: [ app_init ] --END-- [ RunTime:0.000195s ]
INFO: [ app_begin ] --START--
INFO: Run Behavior\ReadHtmlCacheBehavior [ RunTime:0.000250s ]
INFO: [ app_begin ] --END-- [ RunTime:0.000281s ]
SQL: SHOW COLUMNS FROM `user` [ RunTime:0.0018s ]
SQL: SHOW COLUMNS FROM `all_staff` [ RunTime:0.0009s ]
SQL: SELECT * FROM `all_staff` WHERE `real_name` = '' LIMIT 1   [ RunTime:0.0033s ]
SQL: SELECT * FROM `user` WHERE `real_name` = '' LIMIT 1   [ RunTime:0.0029s ]
NOTIC: [2] finfo_file(): Empty filename or path /Library/WebServer/Documents/aliyunHost/yearMeeting/ThinkPHP/Library/Think/Upload.class.php 第 152 行.
INFO: [ view_parse ] --START--
INFO: [ template_filter ] --START--
INFO: Run Behavior\ContentReplaceBehavior [ RunTime:0.000087s ]
INFO: [ template_filter ] --END-- [ RunTime:0.000176s ]
INFO: Run Behavior\ParseTemplateBehavior [ RunTime:0.011012s ]
INFO: [ view_parse ] --END-- [ RunTime:0.011124s ]
INFO: [ view_filter ] --START--
INFO: Run Behavior\WriteHtmlCacheBehavior [ RunTime:0.000252s ]
INFO: [ view_filter ] --END-- [ RunTime:0.000298s ]

[ 2016-01-21T15:46:47+08:00 ] ::1 /aliyunHost/yearMeeting/?s=/Home/Index/checkSignIn
INFO: [ app_init ] --START--
INFO: Run Behavior\BuildLiteBehavior [ RunTime:0.000014s ]
INFO: [ app_init ] --END-- [ RunTime:0.000536s ]
INFO: [ app_begin ] --START--
INFO: Run Behavior\ReadHtmlCacheBehavior [ RunTime:0.000433s ]
INFO: [ app_begin ] --END-- [ RunTime:0.000480s ]
SQL: SHOW COLUMNS FROM `user` [ RunTime:0.0006s ]
SQL: SHOW COLUMNS FROM `all_staff` [ RunTime:0.0004s ]
SQL: SELECT * FROM `all_staff` WHERE `real_name` = 'fsdsf' LIMIT 1   [ RunTime:0.0003s ]
SQL: SELECT * FROM `user` WHERE `real_name` = 'fsdsf' LIMIT 1   [ RunTime:0.0022s ]
NOTIC: [2] call_user_func() expects parameter 1 to be a valid callback, no array or string given /Library/WebServer/Documents/aliyunHost/yearMeeting/ThinkPHP/Library/Think/Upload.class.php 第 170 行.
NOTIC: [8] Undefined index: Expires /Library/WebServer/Documents/aliyunHost/yearMeeting/ThinkPHP/Library/Think/Upload/Driver/Qiniu/QiniuStorage.class.php 第 45 行.
NOTIC: [8] Undefined index: saveName /Library/WebServer/Documents/aliyunHost/yearMeeting/ThinkPHP/Library/Think/Upload/Driver/Qiniu/QiniuStorage.class.php 第 80 行.
NOTIC: [8] Undefined index: custom_fields /Library/WebServer/Documents/aliyunHost/yearMeeting/ThinkPHP/Library/Think/Upload/Driver/Qiniu/QiniuStorage.class.php 第 83 行.
NOTIC: [8] Undefined offset: 1 /Library/WebServer/Documents/aliyunHost/yearMeeting/ThinkPHP/Library/Think/Upload/Driver/Qiniu/QiniuStorage.class.php 第 290 行.
NOTIC: [8] Undefined offset: 1 /Library/WebServer/Documents/aliyunHost/yearMeeting/ThinkPHP/Library/Think/Upload/Driver/Qiniu/QiniuStorage.class.php 第 326 行.
NOTIC: [8] Undefined offset: 2 /Library/WebServer/Documents/aliyunHost/yearMeeting/ThinkPHP/Library/Think/Upload/Driver/Qiniu/QiniuStorage.class.php 第 327 行.
NOTIC: [8] Undefined offset: 1 /Library/WebServer/Documents/aliyunHost/yearMeeting/ThinkPHP/Library/Think/Upload/Driver/Qiniu/QiniuStorage.class.php 第 327 行.
INFO: [ view_parse ] --START--
INFO: [ template_filter ] --START--
INFO: Run Behavior\ContentReplaceBehavior [ RunTime:0.000058s ]
INFO: [ template_filter ] --END-- [ RunTime:0.000172s ]
INFO: Run Behavior\ParseTemplateBehavior [ RunTime:0.013811s ]
INFO: [ view_parse ] --END-- [ RunTime:0.013902s ]
INFO: [ view_filter ] --START--
INFO: Run Behavior\WriteHtmlCacheBehavior [ RunTime:0.000323s ]
INFO: [ view_filter ] --END-- [ RunTime:0.000380s ]

[ 2016-01-21T15:46:54+08:00 ] ::1 /aliyunHost/yearMeeting/?s=/Home/Index/checkSignIn
INFO: [ app_init ] --START--
INFO: Run Behavior\BuildLiteBehavior [ RunTime:0.000009s ]
INFO: [ app_init ] --END-- [ RunTime:0.000190s ]
INFO: [ app_begin ] --START--
INFO: Run Behavior\ReadHtmlCacheBehavior [ RunTime:0.000239s ]
INFO: [ app_begin ] --END-- [ RunTime:0.000270s ]
SQL: SHOW COLUMNS FROM `user` [ RunTime:0.0010s ]
SQL: SHOW COLUMNS FROM `all_staff` [ RunTime:0.0008s ]
SQL: SELECT * FROM `all_staff` WHERE `real_name` = 'fsdsf1' LIMIT 1   [ RunTime:0.0006s ]
SQL: SELECT * FROM `user` WHERE `real_name` = 'fsdsf1' LIMIT 1   [ RunTime:0.0004s ]
NOTIC: [2] call_user_func() expects parameter 1 to be a valid callback, no array or string given /Library/WebServer/Documents/aliyunHost/yearMeeting/ThinkPHP/Library/Think/Upload.class.php 第 170 行.
NOTIC: [8] Undefined index: Expires /Library/WebServer/Documents/aliyunHost/yearMeeting/ThinkPHP/Library/Think/Upload/Driver/Qiniu/QiniuStorage.class.php 第 45 行.
NOTIC: [8] Undefined index: saveName /Library/WebServer/Documents/aliyunHost/yearMeeting/ThinkPHP/Library/Think/Upload/Driver/Qiniu/QiniuStorage.class.php 第 80 行.
NOTIC: [8] Undefined index: custom_fields /Library/WebServer/Documents/aliyunHost/yearMeeting/ThinkPHP/Library/Think/Upload/Driver/Qiniu/QiniuStorage.class.php 第 83 行.
NOTIC: [8] Undefined offset: 1 /Library/WebServer/Documents/aliyunHost/yearMeeting/ThinkPHP/Library/Think/Upload/Driver/Qiniu/QiniuStorage.class.php 第 290 行.
NOTIC: [8] Undefined offset: 1 /Library/WebServer/Documents/aliyunHost/yearMeeting/ThinkPHP/Library/Think/Upload/Driver/Qiniu/QiniuStorage.class.php 第 326 行.
NOTIC: [8] Undefined offset: 2 /Library/WebServer/Documents/aliyunHost/yearMeeting/ThinkPHP/Library/Think/Upload/Driver/Qiniu/QiniuStorage.class.php 第 327 行.
NOTIC: [8] Undefined offset: 1 /Library/WebServer/Documents/aliyunHost/yearMeeting/ThinkPHP/Library/Think/Upload/Driver/Qiniu/QiniuStorage.class.php 第 327 行.
INFO: [ view_parse ] --START--
INFO: [ template_filter ] --START--
INFO: Run Behavior\ContentReplaceBehavior [ RunTime:0.000029s ]
INFO: [ template_filter ] --END-- [ RunTime:0.000086s ]
INFO: Run Behavior\ParseTemplateBehavior [ RunTime:0.005650s ]
INFO: [ view_parse ] --END-- [ RunTime:0.005702s ]
INFO: [ view_filter ] --START--
INFO: Run Behavior\WriteHtmlCacheBehavior [ RunTime:0.000094s ]
INFO: [ view_filter ] --END-- [ RunTime:0.000116s ]

[ 2016-01-21T15:48:07+08:00 ] ::1 /aliyunHost/yearMeeting/?s=/home/Index/signPage
INFO: [ app_init ] --START--
INFO: Run Behavior\BuildLiteBehavior [ RunTime:0.000023s ]
INFO: [ app_init ] --END-- [ RunTime:0.002737s ]
INFO: [ app_begin ] --START--
INFO: Run Behavior\ReadHtmlCacheBehavior [ RunTime:0.003849s ]
INFO: [ app_begin ] --END-- [ RunTime:0.003954s ]

[ 2016-01-21T15:48:15+08:00 ] ::1 /aliyunHost/yearMeeting/?s=/home/Index/signPage
INFO: [ app_init ] --START--
INFO: Run Behavior\BuildLiteBehavior [ RunTime:0.000010s ]
INFO: [ app_init ] --END-- [ RunTime:0.000308s ]
INFO: [ app_begin ] --START--
INFO: Run Behavior\ReadHtmlCacheBehavior [ RunTime:0.000410s ]
INFO: [ app_begin ] --END-- [ RunTime:0.000461s ]
INFO: [ view_parse ] --START--
INFO: [ template_filter ] --START--
INFO: Run Behavior\ContentReplaceBehavior [ RunTime:0.000050s ]
INFO: [ template_filter ] --END-- [ RunTime:0.000122s ]
INFO: Run Behavior\ParseTemplateBehavior [ RunTime:0.025601s ]
INFO: [ view_parse ] --END-- [ RunTime:0.025718s ]
INFO: [ view_filter ] --START--
INFO: Run Behavior\WriteHtmlCacheBehavior [ RunTime:0.001562s ]
INFO: [ view_filter ] --END-- [ RunTime:0.001626s ]
INFO: [ app_end ] --START--
INFO: Run Behavior\ShowPageTraceBehavior [ RunTime:0.003915s ]
INFO: [ app_end ] --END-- [ RunTime:0.004008s ]

[ 2016-01-21T15:48:30+08:00 ] ::1 /aliyunHost/yearMeeting/?s=/Home/Index/checkSignIn
INFO: [ app_init ] --START--
INFO: Run Behavior\BuildLiteBehavior [ RunTime:0.000024s ]
INFO: [ app_init ] --END-- [ RunTime:0.003873s ]
INFO: [ app_begin ] --START--
INFO: Run Behavior\ReadHtmlCacheBehavior [ RunTime:0.007414s ]
INFO: [ app_begin ] --END-- [ RunTime:0.007536s ]
SQL: SHOW COLUMNS FROM `user` [ RunTime:0.0007s ]
SQL: SHOW COLUMNS FROM `all_staff` [ RunTime:0.0005s ]
SQL: SELECT * FROM `all_staff` WHERE `real_name` = '凯乐科技' LIMIT 1   [ RunTime:0.0004s ]
SQL: SELECT * FROM `user` WHERE `real_name` = '凯乐科技' LIMIT 1   [ RunTime:0.0003s ]
NOTIC: [2] call_user_func() expects parameter 1 to be a valid callback, no array or string given /Library/WebServer/Documents/aliyunHost/yearMeeting/ThinkPHP/Library/Think/Upload.class.php 第 170 行.
NOTIC: [8] Undefined index: Expires /Library/WebServer/Documents/aliyunHost/yearMeeting/ThinkPHP/Library/Think/Upload/Driver/Qiniu/QiniuStorage.class.php 第 45 行.
NOTIC: [8] Undefined index: saveName /Library/WebServer/Documents/aliyunHost/yearMeeting/ThinkPHP/Library/Think/Upload/Driver/Qiniu/QiniuStorage.class.php 第 80 行.
NOTIC: [8] Undefined index: custom_fields /Library/WebServer/Documents/aliyunHost/yearMeeting/ThinkPHP/Library/Think/Upload/Driver/Qiniu/QiniuStorage.class.php 第 83 行.
NOTIC: [8] Undefined offset: 1 /Library/WebServer/Documents/aliyunHost/yearMeeting/ThinkPHP/Library/Think/Upload/Driver/Qiniu/QiniuStorage.class.php 第 290 行.
NOTIC: [8] Undefined offset: 1 /Library/WebServer/Documents/aliyunHost/yearMeeting/ThinkPHP/Library/Think/Upload/Driver/Qiniu/QiniuStorage.class.php 第 326 行.
NOTIC: [8] Undefined offset: 2 /Library/WebServer/Documents/aliyunHost/yearMeeting/ThinkPHP/Library/Think/Upload/Driver/Qiniu/QiniuStorage.class.php 第 327 行.
NOTIC: [8] Undefined offset: 1 /Library/WebServer/Documents/aliyunHost/yearMeeting/ThinkPHP/Library/Think/Upload/Driver/Qiniu/QiniuStorage.class.php 第 327 行.
INFO: [ view_parse ] --START--
INFO: [ template_filter ] --START--
INFO: Run Behavior\ContentReplaceBehavior [ RunTime:0.000135s ]
INFO: [ template_filter ] --END-- [ RunTime:0.000211s ]
INFO: Run Behavior\ParseTemplateBehavior [ RunTime:0.018599s ]
INFO: [ view_parse ] --END-- [ RunTime:0.018685s ]
INFO: [ view_filter ] --START--
INFO: Run Behavior\WriteHtmlCacheBehavior [ RunTime:0.001781s ]
INFO: [ view_filter ] --END-- [ RunTime:0.001851s ]

[ 2016-01-21T15:49:13+08:00 ] ::1 /aliyunHost/yearMeeting/?s=/home/Index/signPage
INFO: [ app_init ] --START--
INFO: Run Behavior\BuildLiteBehavior [ RunTime:0.000023s ]
INFO: [ app_init ] --END-- [ RunTime:0.004018s ]
INFO: [ app_begin ] --START--
INFO: Run Behavior\ReadHtmlCacheBehavior [ RunTime:0.004061s ]
INFO: [ app_begin ] --END-- [ RunTime:0.004456s ]
INFO: [ view_parse ] --START--
INFO: [ template_filter ] --START--
INFO: Run Behavior\ContentReplaceBehavior [ RunTime:0.000063s ]
INFO: [ template_filter ] --END-- [ RunTime:0.000158s ]
INFO: Run Behavior\ParseTemplateBehavior [ RunTime:0.027022s ]
INFO: [ view_parse ] --END-- [ RunTime:0.027130s ]
INFO: [ view_filter ] --START--
INFO: Run Behavior\WriteHtmlCacheBehavior [ RunTime:0.003253s ]
INFO: [ view_filter ] --END-- [ RunTime:0.003313s ]
INFO: [ app_end ] --START--
INFO: Run Behavior\ShowPageTraceBehavior [ RunTime:0.004091s ]
INFO: [ app_end ] --END-- [ RunTime:0.004187s ]

[ 2016-01-21T15:49:26+08:00 ] ::1 /aliyunHost/yearMeeting/?s=/Home/Index/checkSignIn
INFO: [ app_init ] --START--
INFO: Run Behavior\BuildLiteBehavior [ RunTime:0.000015s ]
INFO: [ app_init ] --END-- [ RunTime:0.000343s ]
INFO: [ app_begin ] --START--
INFO: Run Behavior\ReadHtmlCacheBehavior [ RunTime:0.000424s ]
INFO: [ app_begin ] --END-- [ RunTime:0.000477s ]
SQL: SHOW COLUMNS FROM `user` [ RunTime:0.0009s ]
SQL: SHOW COLUMNS FROM `all_staff` [ RunTime:0.0008s ]
SQL: SELECT * FROM `all_staff` WHERE `real_name` = '23233' LIMIT 1   [ RunTime:0.0011s ]
SQL: SELECT * FROM `user` WHERE `real_name` = '23233' LIMIT 1   [ RunTime:0.0005s ]
NOTIC: [2] call_user_func() expects parameter 1 to be a valid callback, no array or string given /Library/WebServer/Documents/aliyunHost/yearMeeting/ThinkPHP/Library/Think/Upload.class.php 第 170 行.
NOTIC: [8] Undefined index: Expires /Library/WebServer/Documents/aliyunHost/yearMeeting/ThinkPHP/Library/Think/Upload/Driver/Qiniu/QiniuStorage.class.php 第 45 行.
NOTIC: [8] Undefined index: saveName /Library/WebServer/Documents/aliyunHost/yearMeeting/ThinkPHP/Library/Think/Upload/Driver/Qiniu/QiniuStorage.class.php 第 80 行.
NOTIC: [8] Undefined index: custom_fields /Library/WebServer/Documents/aliyunHost/yearMeeting/ThinkPHP/Library/Think/Upload/Driver/Qiniu/QiniuStorage.class.php 第 83 行.
NOTIC: [8] Undefined offset: 1 /Library/WebServer/Documents/aliyunHost/yearMeeting/ThinkPHP/Library/Think/Upload/Driver/Qiniu/QiniuStorage.class.php 第 290 行.
NOTIC: [8] Undefined offset: 1 /Library/WebServer/Documents/aliyunHost/yearMeeting/ThinkPHP/Library/Think/Upload/Driver/Qiniu/QiniuStorage.class.php 第 326 行.
NOTIC: [8] Undefined offset: 2 /Library/WebServer/Documents/aliyunHost/yearMeeting/ThinkPHP/Library/Think/Upload/Driver/Qiniu/QiniuStorage.class.php 第 327 行.
NOTIC: [8] Undefined offset: 1 /Library/WebServer/Documents/aliyunHost/yearMeeting/ThinkPHP/Library/Think/Upload/Driver/Qiniu/QiniuStorage.class.php 第 327 行.
INFO: [ view_parse ] --START--
INFO: [ template_filter ] --START--
INFO: Run Behavior\ContentReplaceBehavior [ RunTime:0.000042s ]
INFO: [ template_filter ] --END-- [ RunTime:0.000109s ]
INFO: Run Behavior\ParseTemplateBehavior [ RunTime:0.008622s ]
INFO: [ view_parse ] --END-- [ RunTime:0.008688s ]
INFO: [ view_filter ] --START--
INFO: Run Behavior\WriteHtmlCacheBehavior [ RunTime:0.000186s ]
INFO: [ view_filter ] --END-- [ RunTime:0.000230s ]

[ 2016-01-21T15:49:49+08:00 ] ::1 /aliyunHost/yearMeeting/?s=/home/Index/signPage
INFO: [ app_init ] --START--
INFO: Run Behavior\BuildLiteBehavior [ RunTime:0.000010s ]
INFO: [ app_init ] --END-- [ RunTime:0.000221s ]
INFO: [ app_begin ] --START--
INFO: Run Behavior\ReadHtmlCacheBehavior [ RunTime:0.000283s ]
INFO: [ app_begin ] --END-- [ RunTime:0.000318s ]
INFO: [ view_parse ] --START--
INFO: [ template_filter ] --START--
INFO: Run Behavior\ContentReplaceBehavior [ RunTime:0.000029s ]
INFO: [ template_filter ] --END-- [ RunTime:0.000074s ]
INFO: Run Behavior\ParseTemplateBehavior [ RunTime:0.006570s ]
INFO: [ view_parse ] --END-- [ RunTime:0.006610s ]
INFO: [ view_filter ] --START--
INFO: Run Behavior\WriteHtmlCacheBehavior [ RunTime:0.000121s ]
INFO: [ view_filter ] --END-- [ RunTime:0.000148s ]
INFO: [ app_end ] --START--
INFO: Run Behavior\ShowPageTraceBehavior [ RunTime:0.001869s ]
INFO: [ app_end ] --END-- [ RunTime:0.002000s ]

[ 2016-01-21T15:50:00+08:00 ] ::1 /aliyunHost/yearMeeting/?s=/Home/Index/checkSignIn
INFO: [ app_init ] --START--
INFO: Run Behavior\BuildLiteBehavior [ RunTime:0.000008s ]
INFO: [ app_init ] --END-- [ RunTime:0.000193s ]
INFO: [ app_begin ] --START--
INFO: Run Behavior\ReadHtmlCacheBehavior [ RunTime:0.000247s ]
INFO: [ app_begin ] --END-- [ RunTime:0.000277s ]
SQL: SHOW COLUMNS FROM `user` [ RunTime:0.0007s ]
SQL: SHOW COLUMNS FROM `all_staff` [ RunTime:0.0005s ]
SQL: SELECT * FROM `all_staff` WHERE `real_name` = '323223' LIMIT 1   [ RunTime:0.0004s ]
SQL: SELECT * FROM `user` WHERE `real_name` = '323223' LIMIT 1   [ RunTime:0.0003s ]
NOTIC: [2] call_user_func() expects parameter 1 to be a valid callback, no array or string given /Library/WebServer/Documents/aliyunHost/yearMeeting/ThinkPHP/Library/Think/Upload.class.php 第 170 行.
NOTIC: [8] Undefined index: Expires /Library/WebServer/Documents/aliyunHost/yearMeeting/ThinkPHP/Library/Think/Upload/Driver/Qiniu/QiniuStorage.class.php 第 45 行.
NOTIC: [8] Undefined index: saveName /Library/WebServer/Documents/aliyunHost/yearMeeting/ThinkPHP/Library/Think/Upload/Driver/Qiniu/QiniuStorage.class.php 第 80 行.
NOTIC: [8] Undefined index: custom_fields /Library/WebServer/Documents/aliyunHost/yearMeeting/ThinkPHP/Library/Think/Upload/Driver/Qiniu/QiniuStorage.class.php 第 83 行.
NOTIC: [8] Undefined offset: 1 /Library/WebServer/Documents/aliyunHost/yearMeeting/ThinkPHP/Library/Think/Upload/Driver/Qiniu/QiniuStorage.class.php 第 290 行.
NOTIC: [8] Undefined offset: 1 /Library/WebServer/Documents/aliyunHost/yearMeeting/ThinkPHP/Library/Think/Upload/Driver/Qiniu/QiniuStorage.class.php 第 326 行.
NOTIC: [8] Undefined offset: 2 /Library/WebServer/Documents/aliyunHost/yearMeeting/ThinkPHP/Library/Think/Upload/Driver/Qiniu/QiniuStorage.class.php 第 327 行.
NOTIC: [8] Undefined offset: 1 /Library/WebServer/Documents/aliyunHost/yearMeeting/ThinkPHP/Library/Think/Upload/Driver/Qiniu/QiniuStorage.class.php 第 327 行.
INFO: [ view_parse ] --START--
INFO: [ template_filter ] --START--
INFO: Run Behavior\ContentReplaceBehavior [ RunTime:0.000064s ]
INFO: [ template_filter ] --END-- [ RunTime:0.000154s ]
INFO: Run Behavior\ParseTemplateBehavior [ RunTime:0.011522s ]
INFO: [ view_parse ] --END-- [ RunTime:0.011587s ]
INFO: [ view_filter ] --START--
INFO: Run Behavior\WriteHtmlCacheBehavior [ RunTime:0.000185s ]
INFO: [ view_filter ] --END-- [ RunTime:0.000229s ]

[ 2016-01-21T15:50:19+08:00 ] ::1 /aliyunHost/yearMeeting/?s=/Home/Index/checkSignIn
INFO: [ app_init ] --START--
INFO: Run Behavior\BuildLiteBehavior [ RunTime:0.000025s ]
INFO: [ app_init ] --END-- [ RunTime:0.003981s ]
INFO: [ app_begin ] --START--
INFO: Run Behavior\ReadHtmlCacheBehavior [ RunTime:0.003800s ]
INFO: [ app_begin ] --END-- [ RunTime:0.003894s ]
SQL: SHOW COLUMNS FROM `user` [ RunTime:0.0010s ]
SQL: SHOW COLUMNS FROM `all_staff` [ RunTime:0.0008s ]
SQL: SELECT * FROM `all_staff` WHERE `real_name` = '323223' LIMIT 1   [ RunTime:0.0006s ]
SQL: SELECT * FROM `user` WHERE `real_name` = '323223' LIMIT 1   [ RunTime:0.0004s ]
NOTIC: [2] call_user_func() expects parameter 1 to be a valid callback, no array or string given /Library/WebServer/Documents/aliyunHost/yearMeeting/ThinkPHP/Library/Think/Upload.class.php 第 170 行.
NOTIC: [8] Undefined index: Expires /Library/WebServer/Documents/aliyunHost/yearMeeting/ThinkPHP/Library/Think/Upload/Driver/Qiniu/QiniuStorage.class.php 第 45 行.
NOTIC: [8] Undefined index: saveName /Library/WebServer/Documents/aliyunHost/yearMeeting/ThinkPHP/Library/Think/Upload/Driver/Qiniu/QiniuStorage.class.php 第 80 行.
NOTIC: [8] Undefined index: custom_fields /Library/WebServer/Documents/aliyunHost/yearMeeting/ThinkPHP/Library/Think/Upload/Driver/Qiniu/QiniuStorage.class.php 第 83 行.
NOTIC: [8] Undefined offset: 1 /Library/WebServer/Documents/aliyunHost/yearMeeting/ThinkPHP/Library/Think/Upload/Driver/Qiniu/QiniuStorage.class.php 第 290 行.
NOTIC: [8] Undefined offset: 1 /Library/WebServer/Documents/aliyunHost/yearMeeting/ThinkPHP/Library/Think/Upload/Driver/Qiniu/QiniuStorage.class.php 第 326 行.
NOTIC: [8] Undefined offset: 2 /Library/WebServer/Documents/aliyunHost/yearMeeting/ThinkPHP/Library/Think/Upload/Driver/Qiniu/QiniuStorage.class.php 第 327 行.
NOTIC: [8] Undefined offset: 1 /Library/WebServer/Documents/aliyunHost/yearMeeting/ThinkPHP/Library/Think/Upload/Driver/Qiniu/QiniuStorage.class.php 第 327 行.
INFO: [ view_parse ] --START--
INFO: [ template_filter ] --START--
INFO: Run Behavior\ContentReplaceBehavior [ RunTime:0.000076s ]
INFO: [ template_filter ] --END-- [ RunTime:0.000193s ]
INFO: Run Behavior\ParseTemplateBehavior [ RunTime:0.017979s ]
INFO: [ view_parse ] --END-- [ RunTime:0.018065s ]
INFO: [ view_filter ] --START--
INFO: Run Behavior\WriteHtmlCacheBehavior [ RunTime:0.001760s ]
INFO: [ view_filter ] --END-- [ RunTime:0.001829s ]

[ 2016-01-21T15:50:53+08:00 ] ::1 /aliyunHost/yearMeeting/?s=/Home/Index/checkSignIn
INFO: [ app_init ] --START--
INFO: Run Behavior\BuildLiteBehavior [ RunTime:0.000009s ]
INFO: [ app_init ] --END-- [ RunTime:0.000311s ]
INFO: [ app_begin ] --START--
INFO: Run Behavior\ReadHtmlCacheBehavior [ RunTime:0.000415s ]
INFO: [ app_begin ] --END-- [ RunTime:0.000459s ]
SQL: SHOW COLUMNS FROM `user` [ RunTime:0.0006s ]
SQL: SHOW COLUMNS FROM `all_staff` [ RunTime:0.0004s ]
SQL: SELECT * FROM `all_staff` WHERE `real_name` = '323223' LIMIT 1   [ RunTime:0.0003s ]
SQL: SELECT * FROM `user` WHERE `real_name` = '323223' LIMIT 1   [ RunTime:0.0003s ]
NOTIC: [2] call_user_func() expects parameter 1 to be a valid callback, no array or string given /Library/WebServer/Documents/aliyunHost/yearMeeting/ThinkPHP/Library/Think/Upload.class.php 第 170 行.
NOTIC: [8] Undefined index: Expires /Library/WebServer/Documents/aliyunHost/yearMeeting/ThinkPHP/Library/Think/Upload/Driver/Qiniu/QiniuStorage.class.php 第 45 行.
NOTIC: [8] Undefined index: saveName /Library/WebServer/Documents/aliyunHost/yearMeeting/ThinkPHP/Library/Think/Upload/Driver/Qiniu/QiniuStorage.class.php 第 80 行.
NOTIC: [8] Undefined index: custom_fields /Library/WebServer/Documents/aliyunHost/yearMeeting/ThinkPHP/Library/Think/Upload/Driver/Qiniu/QiniuStorage.class.php 第 83 行.
NOTIC: [8] Undefined offset: 1 /Library/WebServer/Documents/aliyunHost/yearMeeting/ThinkPHP/Library/Think/Upload/Driver/Qiniu/QiniuStorage.class.php 第 290 行.
NOTIC: [8] Undefined offset: 1 /Library/WebServer/Documents/aliyunHost/yearMeeting/ThinkPHP/Library/Think/Upload/Driver/Qiniu/QiniuStorage.class.php 第 326 行.
NOTIC: [8] Undefined offset: 2 /Library/WebServer/Documents/aliyunHost/yearMeeting/ThinkPHP/Library/Think/Upload/Driver/Qiniu/QiniuStorage.class.php 第 327 行.
NOTIC: [8] Undefined offset: 1 /Library/WebServer/Documents/aliyunHost/yearMeeting/ThinkPHP/Library/Think/Upload/Driver/Qiniu/QiniuStorage.class.php 第 327 行.
INFO: [ view_parse ] --START--
INFO: [ template_filter ] --START--
INFO: Run Behavior\ContentReplaceBehavior [ RunTime:0.000028s ]
INFO: [ template_filter ] --END-- [ RunTime:0.000074s ]
INFO: Run Behavior\ParseTemplateBehavior [ RunTime:0.006941s ]
INFO: [ view_parse ] --END-- [ RunTime:0.007006s ]
INFO: [ view_filter ] --START--
INFO: Run Behavior\WriteHtmlCacheBehavior [ RunTime:0.000120s ]
INFO: [ view_filter ] --END-- [ RunTime:0.000149s ]

[ 2016-01-21T15:51:06+08:00 ] ::1 /aliyunHost/yearMeeting/?s=/Home/Index/checkSignIn
INFO: [ app_init ] --START--
INFO: Run Behavior\BuildLiteBehavior [ RunTime:0.000007s ]
INFO: [ app_init ] --END-- [ RunTime:0.000197s ]
INFO: [ app_begin ] --START--
INFO: Run Behavior\ReadHtmlCacheBehavior [ RunTime:0.000247s ]
INFO: [ app_begin ] --END-- [ RunTime:0.000277s ]
SQL: SHOW COLUMNS FROM `user` [ RunTime:0.0005s ]
SQL: SHOW COLUMNS FROM `all_staff` [ RunTime:0.0030s ]
SQL: SELECT * FROM `all_staff` WHERE `real_name` = '323223看' LIMIT 1   [ RunTime:0.0005s ]
SQL: SELECT * FROM `user` WHERE `real_name` = '323223看' LIMIT 1   [ RunTime:0.0003s ]
NOTIC: [2] call_user_func() expects parameter 1 to be a valid callback, no array or string given /Library/WebServer/Documents/aliyunHost/yearMeeting/ThinkPHP/Library/Think/Upload.class.php 第 170 行.
NOTIC: [8] Undefined index: Expires /Library/WebServer/Documents/aliyunHost/yearMeeting/ThinkPHP/Library/Think/Upload/Driver/Qiniu/QiniuStorage.class.php 第 45 行.
NOTIC: [8] Undefined index: saveName /Library/WebServer/Documents/aliyunHost/yearMeeting/ThinkPHP/Library/Think/Upload/Driver/Qiniu/QiniuStorage.class.php 第 80 行.
NOTIC: [8] Undefined index: custom_fields /Library/WebServer/Documents/aliyunHost/yearMeeting/ThinkPHP/Library/Think/Upload/Driver/Qiniu/QiniuStorage.class.php 第 83 行.
NOTIC: [8] Undefined offset: 1 /Library/WebServer/Documents/aliyunHost/yearMeeting/ThinkPHP/Library/Think/Upload/Driver/Qiniu/QiniuStorage.class.php 第 290 行.
NOTIC: [8] Undefined offset: 1 /Library/WebServer/Documents/aliyunHost/yearMeeting/ThinkPHP/Library/Think/Upload/Driver/Qiniu/QiniuStorage.class.php 第 326 行.
NOTIC: [8] Undefined offset: 2 /Library/WebServer/Documents/aliyunHost/yearMeeting/ThinkPHP/Library/Think/Upload/Driver/Qiniu/QiniuStorage.class.php 第 327 行.
NOTIC: [8] Undefined offset: 1 /Library/WebServer/Documents/aliyunHost/yearMeeting/ThinkPHP/Library/Think/Upload/Driver/Qiniu/QiniuStorage.class.php 第 327 行.
INFO: [ view_parse ] --START--
INFO: [ template_filter ] --START--
INFO: Run Behavior\ContentReplaceBehavior [ RunTime:0.000043s ]
INFO: [ template_filter ] --END-- [ RunTime:0.000133s ]
INFO: Run Behavior\ParseTemplateBehavior [ RunTime:0.016671s ]
INFO: [ view_parse ] --END-- [ RunTime:0.016739s ]
INFO: [ view_filter ] --START--
INFO: Run Behavior\WriteHtmlCacheBehavior [ RunTime:0.001907s ]
INFO: [ view_filter ] --END-- [ RunTime:0.001977s ]

[ 2016-01-21T15:51:44+08:00 ] ::1 /aliyunHost/yearMeeting/?s=/home/Index/signPage
INFO: [ app_init ] --START--
INFO: Run Behavior\BuildLiteBehavior [ RunTime:0.000021s ]
INFO: [ app_init ] --END-- [ RunTime:0.003707s ]
INFO: [ app_begin ] --START--
INFO: Run Behavior\ReadHtmlCacheBehavior [ RunTime:0.003827s ]
INFO: [ app_begin ] --END-- [ RunTime:0.003918s ]
INFO: [ view_parse ] --START--
INFO: [ template_filter ] --START--
INFO: Run Behavior\ContentReplaceBehavior [ RunTime:0.000046s ]
INFO: [ template_filter ] --END-- [ RunTime:0.000117s ]
INFO: Run Behavior\ParseTemplateBehavior [ RunTime:0.024809s ]
INFO: [ view_parse ] --END-- [ RunTime:0.024900s ]
INFO: [ view_filter ] --START--
INFO: Run Behavior\WriteHtmlCacheBehavior [ RunTime:0.003832s ]
INFO: [ view_filter ] --END-- [ RunTime:0.003904s ]
INFO: [ app_end ] --START--
INFO: Run Behavior\ShowPageTraceBehavior [ RunTime:0.004455s ]
INFO: [ app_end ] --END-- [ RunTime:0.004598s ]

[ 2016-01-21T15:52:00+08:00 ] ::1 /aliyunHost/yearMeeting/?s=/Home/Index/checkSignIn
INFO: [ app_init ] --START--
INFO: Run Behavior\BuildLiteBehavior [ RunTime:0.000021s ]
INFO: [ app_init ] --END-- [ RunTime:0.003858s ]
INFO: [ app_begin ] --START--
INFO: Run Behavior\ReadHtmlCacheBehavior [ RunTime:0.004015s ]
INFO: [ app_begin ] --END-- [ RunTime:0.004133s ]
SQL: SHOW COLUMNS FROM `user` [ RunTime:0.0011s ]
SQL: SHOW COLUMNS FROM `all_staff` [ RunTime:0.0008s ]
SQL: SELECT * FROM `all_staff` WHERE `real_name` = '快来看234543' LIMIT 1   [ RunTime:0.0005s ]
SQL: SELECT * FROM `user` WHERE `real_name` = '快来看234543' LIMIT 1   [ RunTime:0.0004s ]
NOTIC: [2] call_user_func() expects parameter 1 to be a valid callback, no array or string given /Library/WebServer/Documents/aliyunHost/yearMeeting/ThinkPHP/Library/Think/Upload.class.php 第 170 行.
NOTIC: [8] Undefined index: Expires /Library/WebServer/Documents/aliyunHost/yearMeeting/ThinkPHP/Library/Think/Upload/Driver/Qiniu/QiniuStorage.class.php 第 45 行.
NOTIC: [8] Undefined index: saveName /Library/WebServer/Documents/aliyunHost/yearMeeting/ThinkPHP/Library/Think/Upload/Driver/Qiniu/QiniuStorage.class.php 第 80 行.
NOTIC: [8] Undefined index: custom_fields /Library/WebServer/Documents/aliyunHost/yearMeeting/ThinkPHP/Library/Think/Upload/Driver/Qiniu/QiniuStorage.class.php 第 83 行.
NOTIC: [8] Undefined offset: 1 /Library/WebServer/Documents/aliyunHost/yearMeeting/ThinkPHP/Library/Think/Upload/Driver/Qiniu/QiniuStorage.class.php 第 290 行.
NOTIC: [8] Undefined offset: 1 /Library/WebServer/Documents/aliyunHost/yearMeeting/ThinkPHP/Library/Think/Upload/Driver/Qiniu/QiniuStorage.class.php 第 326 行.
NOTIC: [8] Undefined offset: 2 /Library/WebServer/Documents/aliyunHost/yearMeeting/ThinkPHP/Library/Think/Upload/Driver/Qiniu/QiniuStorage.class.php 第 327 行.
NOTIC: [8] Undefined offset: 1 /Library/WebServer/Documents/aliyunHost/yearMeeting/ThinkPHP/Library/Think/Upload/Driver/Qiniu/QiniuStorage.class.php 第 327 行.
INFO: [ view_parse ] --START--
INFO: [ template_filter ] --START--
INFO: Run Behavior\ContentReplaceBehavior [ RunTime:0.000056s ]
INFO: [ template_filter ] --END-- [ RunTime:0.000146s ]
INFO: Run Behavior\ParseTemplateBehavior [ RunTime:0.018737s ]
INFO: [ view_parse ] --END-- [ RunTime:0.018857s ]
INFO: [ view_filter ] --START--
INFO: Run Behavior\WriteHtmlCacheBehavior [ RunTime:0.001848s ]
INFO: [ view_filter ] --END-- [ RunTime:0.001918s ]

[ 2016-01-21T15:52:32+08:00 ] ::1 /aliyunHost/yearMeeting/?s=/home/Index/signPage
INFO: [ app_init ] --START--
INFO: Run Behavior\BuildLiteBehavior [ RunTime:0.000008s ]
INFO: [ app_init ] --END-- [ RunTime:0.000197s ]
INFO: [ app_begin ] --START--
INFO: Run Behavior\ReadHtmlCacheBehavior [ RunTime:0.000251s ]
INFO: [ app_begin ] --END-- [ RunTime:0.000281s ]
INFO: [ view_parse ] --START--
INFO: [ template_filter ] --START--
INFO: Run Behavior\ContentReplaceBehavior [ RunTime:0.000030s ]
INFO: [ template_filter ] --END-- [ RunTime:0.000076s ]
INFO: Run Behavior\ParseTemplateBehavior [ RunTime:0.010526s ]
INFO: [ view_parse ] --END-- [ RunTime:0.010562s ]
INFO: [ view_filter ] --START--
INFO: Run Behavior\WriteHtmlCacheBehavior [ RunTime:0.000125s ]
INFO: [ view_filter ] --END-- [ RunTime:0.000154s ]
INFO: [ app_end ] --START--
INFO: Run Behavior\ShowPageTraceBehavior [ RunTime:0.002027s ]
INFO: [ app_end ] --END-- [ RunTime:0.002086s ]

[ 2016-01-21T15:52:53+08:00 ] ::1 /aliyunHost/yearMeeting/?s=/Home/Index/checkSignIn
INFO: [ app_init ] --START--
INFO: Run Behavior\BuildLiteBehavior [ RunTime:0.000009s ]
INFO: [ app_init ] --END-- [ RunTime:0.000199s ]
INFO: [ app_begin ] --START--
INFO: Run Behavior\ReadHtmlCacheBehavior [ RunTime:0.000245s ]
INFO: [ app_begin ] --END-- [ RunTime:0.000275s ]
SQL: SHOW COLUMNS FROM `user` [ RunTime:0.0005s ]
SQL: SHOW COLUMNS FROM `all_staff` [ RunTime:0.0004s ]
SQL: SELECT * FROM `all_staff` WHERE `real_name` = '来看看' LIMIT 1   [ RunTime:0.0004s ]
SQL: SELECT * FROM `user` WHERE `real_name` = '来看看' LIMIT 1   [ RunTime:0.0002s ]
NOTIC: [2] call_user_func() expects parameter 1 to be a valid callback, no array or string given /Library/WebServer/Documents/aliyunHost/yearMeeting/ThinkPHP/Library/Think/Upload.class.php 第 170 行.
NOTIC: [8] Undefined index: Expires /Library/WebServer/Documents/aliyunHost/yearMeeting/ThinkPHP/Library/Think/Upload/Driver/Qiniu/QiniuStorage.class.php 第 45 行.
NOTIC: [8] Undefined index: saveName /Library/WebServer/Documents/aliyunHost/yearMeeting/ThinkPHP/Library/Think/Upload/Driver/Qiniu/QiniuStorage.class.php 第 80 行.
NOTIC: [8] Undefined index: custom_fields /Library/WebServer/Documents/aliyunHost/yearMeeting/ThinkPHP/Library/Think/Upload/Driver/Qiniu/QiniuStorage.class.php 第 83 行.
NOTIC: [8] Undefined offset: 1 /Library/WebServer/Documents/aliyunHost/yearMeeting/ThinkPHP/Library/Think/Upload/Driver/Qiniu/QiniuStorage.class.php 第 290 行.
NOTIC: [8] Undefined offset: 1 /Library/WebServer/Documents/aliyunHost/yearMeeting/ThinkPHP/Library/Think/Upload/Driver/Qiniu/QiniuStorage.class.php 第 326 行.
NOTIC: [8] Undefined offset: 2 /Library/WebServer/Documents/aliyunHost/yearMeeting/ThinkPHP/Library/Think/Upload/Driver/Qiniu/QiniuStorage.class.php 第 327 行.
NOTIC: [8] Undefined offset: 1 /Library/WebServer/Documents/aliyunHost/yearMeeting/ThinkPHP/Library/Think/Upload/Driver/Qiniu/QiniuStorage.class.php 第 327 行.
INFO: [ view_parse ] --START--
INFO: [ template_filter ] --START--
INFO: Run Behavior\ContentReplaceBehavior [ RunTime:0.000040s ]
INFO: [ template_filter ] --END-- [ RunTime:0.000104s ]
INFO: Run Behavior\ParseTemplateBehavior [ RunTime:0.006588s ]
INFO: [ view_parse ] --END-- [ RunTime:0.006722s ]
INFO: [ view_filter ] --START--
INFO: Run Behavior\WriteHtmlCacheBehavior [ RunTime:0.000204s ]
INFO: [ view_filter ] --END-- [ RunTime:0.000244s ]

[ 2016-01-21T15:55:07+08:00 ] ::1 /aliyunHost/yearMeeting/?s=/Home/Index/checkSignIn
INFO: [ app_init ] --START--
INFO: Run Behavior\BuildLiteBehavior [ RunTime:0.000013s ]
INFO: [ app_init ] --END-- [ RunTime:0.000333s ]
INFO: [ app_begin ] --START--
INFO: Run Behavior\ReadHtmlCacheBehavior [ RunTime:0.000406s ]
INFO: [ app_begin ] --END-- [ RunTime:0.000493s ]
SQL: SHOW COLUMNS FROM `user` [ RunTime:0.0032s ]
SQL: SHOW COLUMNS FROM `all_staff` [ RunTime:0.0006s ]
SQL: SELECT * FROM `all_staff` WHERE `real_name` = '来看看' LIMIT 1   [ RunTime:0.0004s ]
SQL: SELECT * FROM `user` WHERE `real_name` = '来看看' LIMIT 1   [ RunTime:0.0003s ]
ERR: SQLSTATE[HY000]: General error: 1364 Field 'avatar_url' doesn't have a default value

[ 2016-01-21T15:55:35+08:00 ] ::1 /aliyunHost/yearMeeting/?s=/Home/Index/checkSignIn
INFO: [ app_init ] --START--
INFO: Run Behavior\BuildLiteBehavior [ RunTime:0.000011s ]
INFO: [ app_init ] --END-- [ RunTime:0.000258s ]
INFO: [ app_begin ] --START--
INFO: Run Behavior\ReadHtmlCacheBehavior [ RunTime:0.000268s ]
INFO: [ app_begin ] --END-- [ RunTime:0.000303s ]
SQL: SHOW COLUMNS FROM `user` [ RunTime:0.0006s ]
SQL: SHOW COLUMNS FROM `all_staff` [ RunTime:0.0004s ]
SQL: SELECT * FROM `all_staff` WHERE `real_name` = '来看看' LIMIT 1   [ RunTime:0.0003s ]
SQL: SELECT * FROM `user` WHERE `real_name` = '来看看' LIMIT 1   [ RunTime:0.0002s ]
SQL: INSERT INTO `user` (`real_name`,`phone_number`,`status`,`lottery_done`,`lottery_allow`,`sign_time`,`avatar_url`) VALUES ('来看看','987543892','未知身份','0','0','2016-01-21 15:55:35','') [ RunTime:0.0024s ]
SQL: SHOW COLUMNS FROM `data_sum` [ RunTime:0.0037s ]
SQL: SELECT * FROM `data_sum` WHERE ( id=1 ) LIMIT 1   [ RunTime:0.0084s ]
SQL: UPDATE `data_sum` SET `latest_sign_number`='1' WHERE ( id=1 ) [ RunTime:0.0139s ]
SQL: UPDATE `data_sum` SET `last_sign_time`='1453362935',`total_sign_number`='44' WHERE ( id=1 ) [ RunTime:0.0032s ]
INFO: [ view_parse ] --START--
INFO: [ template_filter ] --START--
INFO: Run Behavior\ContentReplaceBehavior [ RunTime:0.000043s ]
INFO: [ template_filter ] --END-- [ RunTime:0.000241s ]
NOTIC: [8] Undefined variable: staffSigned /Library/WebServer/Documents/aliyunHost/yearMeeting/Application/Runtime/Cache/Home/9bd8fd3820bd15d76e6d024319b9b9e9.php 第 30 行.
INFO: Run Behavior\ParseTemplateBehavior [ RunTime:0.025054s ]
INFO: [ view_parse ] --END-- [ RunTime:0.025153s ]
INFO: [ view_filter ] --START--
INFO: Run Behavior\WriteHtmlCacheBehavior [ RunTime:0.000210s ]
INFO: [ view_filter ] --END-- [ RunTime:0.000256s ]
INFO: [ app_end ] --START--
INFO: Run Behavior\ShowPageTraceBehavior [ RunTime:0.000773s ]
INFO: [ app_end ] --END-- [ RunTime:0.000853s ]

[ 2016-01-21T15:55:38+08:00 ] ::1 /aliyunHost/yearMeeting/?s=/Home/Index/index
INFO: [ app_init ] --START--
INFO: Run Behavior\BuildLiteBehavior [ RunTime:0.000010s ]
INFO: [ app_init ] --END-- [ RunTime:0.000214s ]
INFO: [ app_begin ] --START--
INFO: Run Behavior\ReadHtmlCacheBehavior [ RunTime:0.000368s ]
INFO: [ app_begin ] --END-- [ RunTime:0.000408s ]
INFO: [ view_parse ] --START--
INFO: [ template_filter ] --START--
INFO: Run Behavior\ContentReplaceBehavior [ RunTime:0.000040s ]
INFO: [ template_filter ] --END-- [ RunTime:0.000110s ]
INFO: Run Behavior\ParseTemplateBehavior [ RunTime:0.015719s ]
INFO: [ view_parse ] --END-- [ RunTime:0.015791s ]
INFO: [ view_filter ] --START--
INFO: Run Behavior\WriteHtmlCacheBehavior [ RunTime:0.000206s ]
INFO: [ view_filter ] --END-- [ RunTime:0.000252s ]
INFO: [ app_end ] --START--
INFO: Run Behavior\ShowPageTraceBehavior [ RunTime:0.000552s ]
INFO: [ app_end ] --END-- [ RunTime:0.000605s ]

[ 2016-01-21T15:55:39+08:00 ] ::1 /aliyunHost/yearMeeting/?s=/home/Index/signPage
INFO: [ app_init ] --START--
INFO: Run Behavior\BuildLiteBehavior [ RunTime:0.000008s ]
INFO: [ app_init ] --END-- [ RunTime:0.000202s ]
INFO: [ app_begin ] --START--
INFO: Run Behavior\ReadHtmlCacheBehavior [ RunTime:0.000444s ]
INFO: [ app_begin ] --END-- [ RunTime:0.000492s ]
INFO: [ view_parse ] --START--
INFO: [ template_filter ] --START--
INFO: Run Behavior\ContentReplaceBehavior [ RunTime:0.000025s ]
INFO: [ template_filter ] --END-- [ RunTime:0.000062s ]
INFO: Run Behavior\ParseTemplateBehavior [ RunTime:0.007086s ]
INFO: [ view_parse ] --END-- [ RunTime:0.007121s ]
INFO: [ view_filter ] --START--
INFO: Run Behavior\WriteHtmlCacheBehavior [ RunTime:0.000094s ]
INFO: [ view_filter ] --END-- [ RunTime:0.000115s ]
INFO: [ app_end ] --START--
INFO: Run Behavior\ShowPageTraceBehavior [ RunTime:0.000267s ]
INFO: [ app_end ] --END-- [ RunTime:0.000292s ]

[ 2016-01-21T15:55:45+08:00 ] ::1 /aliyunHost/yearMeeting/?s=/Home/Index/checkSignIn
INFO: [ app_init ] --START--
INFO: Run Behavior\BuildLiteBehavior [ RunTime:0.000009s ]
INFO: [ app_init ] --END-- [ RunTime:0.000261s ]
INFO: [ app_begin ] --START--
INFO: Run Behavior\ReadHtmlCacheBehavior [ RunTime:0.000336s ]
INFO: [ app_begin ] --END-- [ RunTime:0.000375s ]
SQL: SHOW COLUMNS FROM `user` [ RunTime:0.0006s ]
SQL: SHOW COLUMNS FROM `all_staff` [ RunTime:0.0004s ]
SQL: SELECT * FROM `all_staff` WHERE `real_name` = '快来看' LIMIT 1   [ RunTime:0.0003s ]
SQL: SELECT * FROM `user` WHERE `real_name` = '快来看' LIMIT 1   [ RunTime:0.0003s ]
SQL: INSERT INTO `user` (`real_name`,`phone_number`,`status`,`lottery_done`,`lottery_allow`,`sign_time`,`avatar_url`) VALUES ('快来看','34546532','未知身份','0','0','2016-01-21 15:55:45','') [ RunTime:0.0002s ]
SQL: SHOW COLUMNS FROM `data_sum` [ RunTime:0.0004s ]
SQL: SELECT * FROM `data_sum` WHERE ( id=1 ) LIMIT 1   [ RunTime:0.0003s ]
SQL: UPDATE `data_sum` SET `latest_sign_number`='2' WHERE ( id=1 ) [ RunTime:0.0025s ]
SQL: UPDATE `data_sum` SET `last_sign_time`='1453362945',`total_sign_number`='45' WHERE ( id=1 ) [ RunTime:0.0037s ]
INFO: [ view_parse ] --START--
INFO: [ template_filter ] --START--
INFO: Run Behavior\ContentReplaceBehavior [ RunTime:0.000068s ]
INFO: [ template_filter ] --END-- [ RunTime:0.000270s ]
NOTIC: [8] Undefined variable: staffSigned /Library/WebServer/Documents/aliyunHost/yearMeeting/Application/Runtime/Cache/Home/9bd8fd3820bd15d76e6d024319b9b9e9.php 第 30 行.
INFO: Run Behavior\ParseTemplateBehavior [ RunTime:0.018735s ]
INFO: [ view_parse ] --END-- [ RunTime:0.018837s ]
INFO: [ view_filter ] --START--
INFO: Run Behavior\WriteHtmlCacheBehavior [ RunTime:0.000189s ]
INFO: [ view_filter ] --END-- [ RunTime:0.000227s ]
INFO: [ app_end ] --START--
INFO: Run Behavior\ShowPageTraceBehavior [ RunTime:0.000839s ]
INFO: [ app_end ] --END-- [ RunTime:0.000919s ]

[ 2016-01-21T15:56:08+08:00 ] ::1 /aliyunHost/yearMeeting/?s=/Home/Index/checkSignIn
INFO: [ app_init ] --START--
INFO: Run Behavior\BuildLiteBehavior [ RunTime:0.000022s ]
INFO: [ app_init ] --END-- [ RunTime:0.003760s ]
INFO: [ app_begin ] --START--
INFO: Run Behavior\ReadHtmlCacheBehavior [ RunTime:0.003820s ]
INFO: [ app_begin ] --END-- [ RunTime:0.003913s ]
SQL: SHOW COLUMNS FROM `user` [ RunTime:0.0015s ]
SQL: SHOW COLUMNS FROM `all_staff` [ RunTime:0.0008s ]
SQL: SELECT * FROM `all_staff` WHERE `real_name` = '快来看' LIMIT 1   [ RunTime:0.0006s ]
SQL: SELECT * FROM `user` WHERE `real_name` = '快来看' LIMIT 1   [ RunTime:0.0004s ]
INFO: [ app_end ] --START--
INFO: Run Behavior\ShowPageTraceBehavior [ RunTime:0.002793s ]
INFO: [ app_end ] --END-- [ RunTime:0.002871s ]

[ 2016-01-21T15:56:24+08:00 ] ::1 /aliyunHost/yearMeeting/?s=/home/Index/signPage
INFO: [ app_init ] --START--
INFO: Run Behavior\BuildLiteBehavior [ RunTime:0.000022s ]
INFO: [ app_init ] --END-- [ RunTime:0.003788s ]
INFO: [ app_begin ] --START--
INFO: Run Behavior\ReadHtmlCacheBehavior [ RunTime:0.003797s ]
INFO: [ app_begin ] --END-- [ RunTime:0.003885s ]
INFO: [ view_parse ] --START--
INFO: [ template_filter ] --START--
INFO: Run Behavior\ContentReplaceBehavior [ RunTime:0.000164s ]
INFO: [ template_filter ] --END-- [ RunTime:0.000261s ]
INFO: Run Behavior\ParseTemplateBehavior [ RunTime:0.025625s ]
INFO: [ view_parse ] --END-- [ RunTime:0.025703s ]
INFO: [ view_filter ] --START--
INFO: Run Behavior\WriteHtmlCacheBehavior [ RunTime:0.001924s ]
INFO: [ view_filter ] --END-- [ RunTime:0.001995s ]
INFO: [ app_end ] --START--
INFO: Run Behavior\ShowPageTraceBehavior [ RunTime:0.004220s ]
INFO: [ app_end ] --END-- [ RunTime:0.004319s ]

[ 2016-01-21T15:56:58+08:00 ] ::1 /aliyunHost/yearMeeting/?s=/Home/Index/checkSignIn
INFO: [ app_init ] --START--
INFO: Run Behavior\BuildLiteBehavior [ RunTime:0.000021s ]
INFO: [ app_init ] --END-- [ RunTime:0.003710s ]
INFO: [ app_begin ] --START--
INFO: Run Behavior\ReadHtmlCacheBehavior [ RunTime:0.003756s ]
INFO: [ app_begin ] --END-- [ RunTime:0.003964s ]
SQL: SHOW COLUMNS FROM `user` [ RunTime:0.0009s ]
SQL: SHOW COLUMNS FROM `all_staff` [ RunTime:0.0007s ]
SQL: SELECT * FROM `all_staff` WHERE `real_name` = '23453' LIMIT 1   [ RunTime:0.0006s ]
SQL: SELECT * FROM `user` WHERE `real_name` = '23453' LIMIT 1   [ RunTime:0.0004s ]
SQL: INSERT INTO `user` (`real_name`,`phone_number`,`status`,`lottery_done`,`lottery_allow`,`sign_time`,`avatar_url`) VALUES ('23453','23435443','未知身份','0','0','2016-01-21 15:56:58','') [ RunTime:0.0004s ]
SQL: SHOW COLUMNS FROM `data_sum` [ RunTime:0.0008s ]
SQL: SELECT * FROM `data_sum` WHERE ( id=1 ) LIMIT 1   [ RunTime:0.0004s ]
SQL: UPDATE `data_sum` SET `latest_sign_number`='3' WHERE ( id=1 ) [ RunTime:0.0029s ]
SQL: UPDATE `data_sum` SET `last_sign_time`='1453363018',`total_sign_number`='46' WHERE ( id=1 ) [ RunTime:0.0034s ]
INFO: [ view_parse ] --START--
INFO: [ template_filter ] --START--
INFO: Run Behavior\ContentReplaceBehavior [ RunTime:0.000041s ]
INFO: [ template_filter ] --END-- [ RunTime:0.000110s ]
NOTIC: [8] Undefined variable: staffSigned /Library/WebServer/Documents/aliyunHost/yearMeeting/Application/Runtime/Cache/Home/9bd8fd3820bd15d76e6d024319b9b9e9.php 第 30 行.
INFO: Run Behavior\ParseTemplateBehavior [ RunTime:0.026126s ]
INFO: [ view_parse ] --END-- [ RunTime:0.026183s ]
INFO: [ view_filter ] --START--
INFO: Run Behavior\WriteHtmlCacheBehavior [ RunTime:0.001803s ]
INFO: [ view_filter ] --END-- [ RunTime:0.001873s ]
INFO: [ app_end ] --START--
INFO: Run Behavior\ShowPageTraceBehavior [ RunTime:0.003013s ]
INFO: [ app_end ] --END-- [ RunTime:0.003106s ]

[ 2016-01-21T15:57:56+08:00 ] ::1 /aliyunHost/yearMeeting/?s=/Home/Index/index
INFO: [ app_init ] --START--
INFO: Run Behavior\BuildLiteBehavior [ RunTime:0.000017s ]
INFO: [ app_init ] --END-- [ RunTime:0.000688s ]
INFO: [ app_begin ] --START--
INFO: Run Behavior\ReadHtmlCacheBehavior [ RunTime:0.003816s ]
INFO: [ app_begin ] --END-- [ RunTime:0.003904s ]
INFO: [ view_parse ] --START--
INFO: [ template_filter ] --START--
INFO: Run Behavior\ContentReplaceBehavior [ RunTime:0.000045s ]
INFO: [ template_filter ] --END-- [ RunTime:0.000125s ]
INFO: Run Behavior\ParseTemplateBehavior [ RunTime:0.017187s ]
INFO: [ view_parse ] --END-- [ RunTime:0.017277s ]
INFO: [ view_filter ] --START--
INFO: Run Behavior\WriteHtmlCacheBehavior [ RunTime:0.001765s ]
INFO: [ view_filter ] --END-- [ RunTime:0.001836s ]
INFO: [ app_end ] --START--
INFO: Run Behavior\ShowPageTraceBehavior [ RunTime:0.004043s ]
INFO: [ app_end ] --END-- [ RunTime:0.004118s ]

[ 2016-01-21T15:57:57+08:00 ] ::1 /aliyunHost/yearMeeting/?s=/home/Index/signPage
INFO: [ app_init ] --START--
INFO: Run Behavior\BuildLiteBehavior [ RunTime:0.000012s ]
INFO: [ app_init ] --END-- [ RunTime:0.000279s ]
INFO: [ app_begin ] --START--
INFO: Run Behavior\ReadHtmlCacheBehavior [ RunTime:0.000356s ]
INFO: [ app_begin ] --END-- [ RunTime:0.000399s ]
INFO: [ view_parse ] --START--
INFO: [ template_filter ] --START--
INFO: Run Behavior\ContentReplaceBehavior [ RunTime:0.000038s ]
INFO: [ template_filter ] --END-- [ RunTime:0.000100s ]
INFO: Run Behavior\ParseTemplateBehavior [ RunTime:0.018321s ]
INFO: [ view_parse ] --END-- [ RunTime:0.018373s ]
INFO: [ view_filter ] --START--
INFO: Run Behavior\WriteHtmlCacheBehavior [ RunTime:0.000167s ]
INFO: [ view_filter ] --END-- [ RunTime:0.000204s ]
INFO: [ app_end ] --START--
INFO: Run Behavior\ShowPageTraceBehavior [ RunTime:0.000499s ]
INFO: [ app_end ] --END-- [ RunTime:0.000542s ]

[ 2016-01-21T15:58:04+08:00 ] ::1 /aliyunHost/yearMeeting/?s=/Home/Index/checkSignIn
INFO: [ app_init ] --START--
INFO: Run Behavior\BuildLiteBehavior [ RunTime:0.000011s ]
INFO: [ app_init ] --END-- [ RunTime:0.000335s ]
INFO: [ app_begin ] --START--
INFO: Run Behavior\ReadHtmlCacheBehavior [ RunTime:0.000420s ]
INFO: [ app_begin ] --END-- [ RunTime:0.000474s ]
SQL: SHOW COLUMNS FROM `user` [ RunTime:0.0016s ]
SQL: SHOW COLUMNS FROM `all_staff` [ RunTime:0.0006s ]
SQL: SELECT * FROM `all_staff` WHERE `real_name` = 'kkk' LIMIT 1   [ RunTime:0.0004s ]
SQL: SELECT * FROM `user` WHERE `real_name` = 'kkk' LIMIT 1   [ RunTime:0.0004s ]
SQL: INSERT INTO `user` (`real_name`,`phone_number`,`status`,`lottery_done`,`lottery_allow`,`sign_time`,`avatar_url`) VALUES ('kkk','12454','未知身份','0','0','2016-01-21 15:58:04','') [ RunTime:0.0003s ]
SQL: SHOW COLUMNS FROM `data_sum` [ RunTime:0.0007s ]
SQL: SELECT * FROM `data_sum` WHERE ( id=1 ) LIMIT 1   [ RunTime:0.0054s ]
SQL: UPDATE `data_sum` SET `latest_sign_number`='4' WHERE ( id=1 ) [ RunTime:0.0032s ]
SQL: UPDATE `data_sum` SET `last_sign_time`='1453363084',`total_sign_number`='47' WHERE ( id=1 ) [ RunTime:0.0018s ]
INFO: [ view_parse ] --START--
INFO: [ template_filter ] --START--
INFO: Run Behavior\ContentReplaceBehavior [ RunTime:0.000028s ]
INFO: [ template_filter ] --END-- [ RunTime:0.000102s ]
NOTIC: [8] Undefined variable: staffSigned /Library/WebServer/Documents/aliyunHost/yearMeeting/Application/Runtime/Cache/Home/9bd8fd3820bd15d76e6d024319b9b9e9.php 第 30 行.
INFO: Run Behavior\ParseTemplateBehavior [ RunTime:0.023205s ]
INFO: [ view_parse ] --END-- [ RunTime:0.023289s ]
INFO: [ view_filter ] --START--
INFO: Run Behavior\WriteHtmlCacheBehavior [ RunTime:0.000272s ]
INFO: [ view_filter ] --END-- [ RunTime:0.000337s ]
INFO: [ app_end ] --START--
INFO: Run Behavior\ShowPageTraceBehavior [ RunTime:0.001227s ]
INFO: [ app_end ] --END-- [ RunTime:0.001329s ]

[ 2016-01-21T15:59:01+08:00 ] ::1 /aliyunHost/yearMeeting/?s=/home/Index/signPage
INFO: [ app_init ] --START--
INFO: Run Behavior\BuildLiteBehavior [ RunTime:0.000020s ]
INFO: [ app_init ] --END-- [ RunTime:0.003850s ]
INFO: [ app_begin ] --START--
INFO: Run Behavior\ReadHtmlCacheBehavior [ RunTime:0.003959s ]
INFO: [ app_begin ] --END-- [ RunTime:0.004097s ]
INFO: [ view_parse ] --START--
INFO: [ template_filter ] --START--
INFO: Run Behavior\ContentReplaceBehavior [ RunTime:0.000079s ]
INFO: [ template_filter ] --END-- [ RunTime:0.000210s ]
INFO: Run Behavior\ParseTemplateBehavior [ RunTime:0.032270s ]
INFO: [ view_parse ] --END-- [ RunTime:0.032382s ]
INFO: [ view_filter ] --START--
INFO: Run Behavior\WriteHtmlCacheBehavior [ RunTime:0.000540s ]
INFO: [ view_filter ] --END-- [ RunTime:0.000600s ]
INFO: [ app_end ] --START--
INFO: Run Behavior\ShowPageTraceBehavior [ RunTime:0.004106s ]
INFO: [ app_end ] --END-- [ RunTime:0.004183s ]

[ 2016-01-21T15:59:08+08:00 ] ::1 /aliyunHost/yearMeeting/?s=/Home/Index/checkSignIn
INFO: [ app_init ] --START--
INFO: Run Behavior\BuildLiteBehavior [ RunTime:0.000008s ]
INFO: [ app_init ] --END-- [ RunTime:0.000336s ]
INFO: [ app_begin ] --START--
INFO: Run Behavior\ReadHtmlCacheBehavior [ RunTime:0.000404s ]
INFO: [ app_begin ] --END-- [ RunTime:0.000447s ]
SQL: SHOW COLUMNS FROM `user` [ RunTime:0.0011s ]
SQL: SHOW COLUMNS FROM `all_staff` [ RunTime:0.0008s ]
SQL: SELECT * FROM `all_staff` WHERE `real_name` = '134' LIMIT 1   [ RunTime:0.0006s ]
SQL: SELECT * FROM `user` WHERE `real_name` = '134' LIMIT 1   [ RunTime:0.0004s ]
SQL: INSERT INTO `user` (`real_name`,`phone_number`,`status`,`lottery_done`,`lottery_allow`,`sign_time`,`avatar_url`) VALUES ('134','1343','未知身份','0','0','2016-01-21 15:59:08','') [ RunTime:0.0003s ]
SQL: SHOW COLUMNS FROM `data_sum` [ RunTime:0.0009s ]
SQL: SELECT * FROM `data_sum` WHERE ( id=1 ) LIMIT 1   [ RunTime:0.0004s ]
SQL: UPDATE `data_sum` SET `latest_sign_number`='5' WHERE ( id=1 ) [ RunTime:0.0029s ]
SQL: UPDATE `data_sum` SET `last_sign_time`='1453363148',`total_sign_number`='48' WHERE ( id=1 ) [ RunTime:0.0037s ]
INFO: [ view_parse ] --START--
INFO: [ template_filter ] --START--
INFO: Run Behavior\ContentReplaceBehavior [ RunTime:0.000029s ]
INFO: [ template_filter ] --END-- [ RunTime:0.000104s ]
NOTIC: [8] Undefined variable: vipSigned /Library/WebServer/Documents/aliyunHost/yearMeeting/Application/Runtime/Cache/Home/9bd8fd3820bd15d76e6d024319b9b9e9.php 第 31 行.
INFO: Run Behavior\ParseTemplateBehavior [ RunTime:0.017529s ]
INFO: [ view_parse ] --END-- [ RunTime:0.017629s ]
INFO: [ view_filter ] --START--
INFO: Run Behavior\WriteHtmlCacheBehavior [ RunTime:0.000336s ]
INFO: [ view_filter ] --END-- [ RunTime:0.000475s ]
INFO: [ app_end ] --START--
INFO: Run Behavior\ShowPageTraceBehavior [ RunTime:0.000825s ]
INFO: [ app_end ] --END-- [ RunTime:0.000897s ]

[ 2016-01-21T15:59:33+08:00 ] ::1 /aliyunHost/yearMeeting/?s=/Home/Index/checkSignIn
INFO: [ app_init ] --START--
INFO: Run Behavior\BuildLiteBehavior [ RunTime:0.000012s ]
INFO: [ app_init ] --END-- [ RunTime:0.000552s ]
INFO: [ app_begin ] --START--
INFO: Run Behavior\ReadHtmlCacheBehavior [ RunTime:0.004186s ]
INFO: [ app_begin ] --END-- [ RunTime:0.004269s ]
SQL: SHOW COLUMNS FROM `user` [ RunTime:0.0010s ]
SQL: SHOW COLUMNS FROM `all_staff` [ RunTime:0.0007s ]
SQL: SELECT * FROM `all_staff` WHERE `real_name` = '' LIMIT 1   [ RunTime:0.0005s ]
SQL: SELECT * FROM `user` WHERE `real_name` = '' LIMIT 1   [ RunTime:0.0004s ]
SQL: INSERT INTO `user` (`real_name`,`phone_number`,`status`,`lottery_done`,`lottery_allow`,`sign_time`,`avatar_url`) VALUES ('','0','未知身份','0','0','2016-01-21 15:59:33','') [ RunTime:0.0004s ]
SQL: SHOW COLUMNS FROM `data_sum` [ RunTime:0.0008s ]
SQL: SELECT * FROM `data_sum` WHERE ( id=1 ) LIMIT 1   [ RunTime:0.0004s ]
SQL: UPDATE `data_sum` SET `latest_sign_number`='6' WHERE ( id=1 ) [ RunTime:0.0026s ]
SQL: UPDATE `data_sum` SET `last_sign_time`='1453363173',`total_sign_number`='49' WHERE ( id=1 ) [ RunTime:0.0033s ]
INFO: [ view_parse ] --START--
INFO: [ template_filter ] --START--
INFO: Run Behavior\ContentReplaceBehavior [ RunTime:0.000042s ]
INFO: [ template_filter ] --END-- [ RunTime:0.000156s ]
NOTIC: [8] Undefined variable: vipSigned /Library/WebServer/Documents/aliyunHost/yearMeeting/Application/Runtime/Cache/Home/9bd8fd3820bd15d76e6d024319b9b9e9.php 第 31 行.
INFO: Run Behavior\ParseTemplateBehavior [ RunTime:0.028020s ]
INFO: [ view_parse ] --END-- [ RunTime:0.028103s ]
INFO: [ view_filter ] --START--
INFO: Run Behavior\WriteHtmlCacheBehavior [ RunTime:0.001738s ]
INFO: [ view_filter ] --END-- [ RunTime:0.001808s ]
INFO: [ app_end ] --START--
INFO: Run Behavior\ShowPageTraceBehavior [ RunTime:0.004175s ]
INFO: [ app_end ] --END-- [ RunTime:0.004266s ]

[ 2016-01-21T16:02:48+08:00 ] ::1 /aliyunHost/yearMeeting/?s=/Home/Index/checkSignIn
INFO: [ app_init ] --START--
INFO: Run Behavior\BuildLiteBehavior [ RunTime:0.000009s ]
INFO: [ app_init ] --END-- [ RunTime:0.000196s ]
INFO: [ app_begin ] --START--
INFO: Run Behavior\ReadHtmlCacheBehavior [ RunTime:0.000453s ]
INFO: [ app_begin ] --END-- [ RunTime:0.000509s ]
SQL: SHOW COLUMNS FROM `user` [ RunTime:0.0005s ]
SQL: SHOW COLUMNS FROM `all_staff` [ RunTime:0.0004s ]
SQL: SELECT * FROM `all_staff` WHERE `real_name` = '' LIMIT 1   [ RunTime:0.0003s ]
SQL: SELECT * FROM `user` WHERE `real_name` = '' LIMIT 1   [ RunTime:0.0002s ]
SQL: INSERT INTO `user` (`real_name`,`phone_number`,`status`,`lottery_done`,`lottery_allow`,`sign_time`,`avatar_url`) VALUES ('','0','未知','0','0','2016-01-21 16:02:48','') [ RunTime:0.0002s ]
SQL: SHOW COLUMNS FROM `data_sum` [ RunTime:0.0004s ]
SQL: SELECT * FROM `data_sum` WHERE ( id=1 ) LIMIT 1   [ RunTime:0.0002s ]
SQL: UPDATE `data_sum` SET `latest_sign_number`='1' WHERE ( id=1 ) [ RunTime:0.0033s ]
SQL: UPDATE `data_sum` SET `last_sign_time`='1453363368',`total_sign_number`='50' WHERE ( id=1 ) [ RunTime:0.0011s ]
INFO: [ view_parse ] --START--
INFO: [ template_filter ] --START--
INFO: Run Behavior\ContentReplaceBehavior [ RunTime:0.000034s ]
INFO: [ template_filter ] --END-- [ RunTime:0.000089s ]
NOTIC: [8] Undefined variable: vipSigned /Library/WebServer/Documents/aliyunHost/yearMeeting/Application/Runtime/Cache/Home/9bd8fd3820bd15d76e6d024319b9b9e9.php 第 31 行.
INFO: Run Behavior\ParseTemplateBehavior [ RunTime:0.014733s ]
INFO: [ view_parse ] --END-- [ RunTime:0.014794s ]
INFO: [ view_filter ] --START--
INFO: Run Behavior\WriteHtmlCacheBehavior [ RunTime:0.000212s ]
INFO: [ view_filter ] --END-- [ RunTime:0.000259s ]
INFO: [ app_end ] --START--
INFO: Run Behavior\ShowPageTraceBehavior [ RunTime:0.000705s ]
INFO: [ app_end ] --END-- [ RunTime:0.000790s ]

[ 2016-01-21T16:02:48+08:00 ] ::1 /aliyunHost/yearMeeting/
INFO: [ app_init ] --START--
INFO: Run Behavior\BuildLiteBehavior [ RunTime:0.000008s ]
INFO: [ app_init ] --END-- [ RunTime:0.000193s ]
INFO: [ app_begin ] --START--
INFO: Run Behavior\ReadHtmlCacheBehavior [ RunTime:0.000265s ]
INFO: [ app_begin ] --END-- [ RunTime:0.000295s ]
INFO: [ view_parse ] --START--
INFO: [ template_filter ] --START--
INFO: Run Behavior\ContentReplaceBehavior [ RunTime:0.000027s ]
INFO: [ template_filter ] --END-- [ RunTime:0.000074s ]
INFO: Run Behavior\ParseTemplateBehavior [ RunTime:0.005699s ]
INFO: [ view_parse ] --END-- [ RunTime:0.005730s ]
INFO: [ view_filter ] --START--
INFO: Run Behavior\WriteHtmlCacheBehavior [ RunTime:0.000095s ]
INFO: [ view_filter ] --END-- [ RunTime:0.000116s ]
INFO: [ app_end ] --START--
INFO: Run Behavior\ShowPageTraceBehavior [ RunTime:0.000267s ]
INFO: [ app_end ] --END-- [ RunTime:0.000292s ]

[ 2016-01-21T16:02:50+08:00 ] ::1 /aliyunHost/yearMeeting/?s=/home/Index/signPage
INFO: [ app_init ] --START--
INFO: Run Behavior\BuildLiteBehavior [ RunTime:0.000009s ]
INFO: [ app_init ] --END-- [ RunTime:0.000314s ]
INFO: [ app_begin ] --START--
INFO: Run Behavior\ReadHtmlCacheBehavior [ RunTime:0.000389s ]
INFO: [ app_begin ] --END-- [ RunTime:0.000443s ]
INFO: [ view_parse ] --START--
INFO: [ template_filter ] --START--
INFO: Run Behavior\ContentReplaceBehavior [ RunTime:0.000104s ]
INFO: [ template_filter ] --END-- [ RunTime:0.000232s ]
INFO: Run Behavior\ParseTemplateBehavior [ RunTime:0.015105s ]
INFO: [ view_parse ] --END-- [ RunTime:0.015172s ]
INFO: [ view_filter ] --START--
INFO: Run Behavior\WriteHtmlCacheBehavior [ RunTime:0.000258s ]
INFO: [ view_filter ] --END-- [ RunTime:0.000306s ]
INFO: [ app_end ] --START--
INFO: Run Behavior\ShowPageTraceBehavior [ RunTime:0.000738s ]
INFO: [ app_end ] --END-- [ RunTime:0.000848s ]

[ 2016-01-21T16:02:57+08:00 ] ::1 /aliyunHost/yearMeeting/?s=/Home/Index/checkSignIn
INFO: [ app_init ] --START--
INFO: Run Behavior\BuildLiteBehavior [ RunTime:0.000009s ]
INFO: [ app_init ] --END-- [ RunTime:0.000199s ]
INFO: [ app_begin ] --START--
INFO: Run Behavior\ReadHtmlCacheBehavior [ RunTime:0.000251s ]
INFO: [ app_begin ] --END-- [ RunTime:0.000282s ]
SQL: SHOW COLUMNS FROM `user` [ RunTime:0.0004s ]
SQL: SHOW COLUMNS FROM `all_staff` [ RunTime:0.0004s ]
SQL: SELECT * FROM `all_staff` WHERE `real_name` = '广工' LIMIT 1   [ RunTime:0.0003s ]
SQL: SELECT * FROM `user` WHERE `real_name` = '广工' LIMIT 1   [ RunTime:0.0002s ]
ERR: SQLSTATE[22003]: Numeric value out of range: 1264 Out of range value for column 'phone_number' at row 1

[ 2016-01-21T16:03:07+08:00 ] ::1 /aliyunHost/yearMeeting/?s=/Home/Index/checkSignIn
INFO: [ app_init ] --START--
INFO: Run Behavior\BuildLiteBehavior [ RunTime:0.000009s ]
INFO: [ app_init ] --END-- [ RunTime:0.000196s ]
INFO: [ app_begin ] --START--
INFO: Run Behavior\ReadHtmlCacheBehavior [ RunTime:0.000249s ]
INFO: [ app_begin ] --END-- [ RunTime:0.000281s ]
SQL: SHOW COLUMNS FROM `user` [ RunTime:0.0005s ]
SQL: SHOW COLUMNS FROM `all_staff` [ RunTime:0.0004s ]
SQL: SELECT * FROM `all_staff` WHERE `real_name` = '广工' LIMIT 1   [ RunTime:0.0003s ]
SQL: SELECT * FROM `user` WHERE `real_name` = '广工' LIMIT 1   [ RunTime:0.0002s ]
SQL: INSERT INTO `user` (`real_name`,`phone_number`,`status`,`lottery_done`,`lottery_allow`,`sign_time`,`avatar_url`) VALUES ('广工','245675434','未知','0','0','2016-01-21 16:03:07','') [ RunTime:0.0002s ]
SQL: SHOW COLUMNS FROM `data_sum` [ RunTime:0.0004s ]
SQL: SELECT * FROM `data_sum` WHERE ( id=1 ) LIMIT 1   [ RunTime:0.0002s ]
SQL: UPDATE `data_sum` SET `latest_sign_number`='2' WHERE ( id=1 ) [ RunTime:0.0024s ]
SQL: UPDATE `data_sum` SET `last_sign_time`='1453363387',`total_sign_number`='51' WHERE ( id=1 ) [ RunTime:0.0034s ]
INFO: [ view_parse ] --START--
INFO: [ template_filter ] --START--
INFO: Run Behavior\ContentReplaceBehavior [ RunTime:0.000029s ]
INFO: [ template_filter ] --END-- [ RunTime:0.000076s ]
NOTIC: [8] Undefined variable: vipSigned /Library/WebServer/Documents/aliyunHost/yearMeeting/Application/Runtime/Cache/Home/9bd8fd3820bd15d76e6d024319b9b9e9.php 第 31 行.
INFO: Run Behavior\ParseTemplateBehavior [ RunTime:0.025737s ]
INFO: [ view_parse ] --END-- [ RunTime:0.025785s ]
INFO: [ view_filter ] --START--
INFO: Run Behavior\WriteHtmlCacheBehavior [ RunTime:0.001786s ]
INFO: [ view_filter ] --END-- [ RunTime:0.001847s ]
INFO: [ app_end ] --START--
INFO: Run Behavior\ShowPageTraceBehavior [ RunTime:0.004052s ]
INFO: [ app_end ] --END-- [ RunTime:0.004103s ]

