[ 2016-01-24T14:53:32+08:00 ] ::1 /aliyunHost/yearMeeting/
INFO: [ app_init ] --START--
INFO: Run Behavior\BuildLiteBehavior [ RunTime:0.000088s ]
INFO: [ app_init ] --END-- [ RunTime:0.010462s ]
INFO: [ app_begin ] --START--
INFO: Run Behavior\ReadHtmlCacheBehavior [ RunTime:0.004123s ]
INFO: [ app_begin ] --END-- [ RunTime:0.004264s ]
INFO: [ view_parse ] --START--
INFO: [ template_filter ] --START--
INFO: Run Behavior\ContentReplaceBehavior [ RunTime:0.000044s ]
INFO: [ template_filter ] --END-- [ RunTime:0.000193s ]
INFO: Run Behavior\ParseTemplateBehavior [ RunTime:0.026165s ]
INFO: [ view_parse ] --END-- [ RunTime:0.026288s ]
INFO: [ view_filter ] --START--
INFO: Run Behavior\WriteHtmlCacheBehavior [ RunTime:0.001826s ]
INFO: [ view_filter ] --END-- [ RunTime:0.001924s ]
INFO: [ app_end ] --START--
INFO: Run Behavior\ShowPageTraceBehavior [ RunTime:0.004179s ]
INFO: [ app_end ] --END-- [ RunTime:0.004276s ]

[ 2016-01-24T14:53:33+08:00 ] ::1 /aliyunHost/yearMeeting/?s=/home/Index/signPage
INFO: [ app_init ] --START--
INFO: Run Behavior\BuildLiteBehavior [ RunTime:0.000011s ]
INFO: [ app_init ] --END-- [ RunTime:0.000225s ]
INFO: [ app_begin ] --START--
INFO: Run Behavior\ReadHtmlCacheBehavior [ RunTime:0.000597s ]
INFO: [ app_begin ] --END-- [ RunTime:0.000647s ]
INFO: [ view_parse ] --START--
INFO: [ template_filter ] --START--
INFO: Run Behavior\ContentReplaceBehavior [ RunTime:0.000030s ]
INFO: [ template_filter ] --END-- [ RunTime:0.000071s ]
INFO: Run Behavior\ParseTemplateBehavior [ RunTime:0.020609s ]
INFO: [ view_parse ] --END-- [ RunTime:0.020658s ]
INFO: [ view_filter ] --START--
INFO: Run Behavior\WriteHtmlCacheBehavior [ RunTime:0.000118s ]
INFO: [ view_filter ] --END-- [ RunTime:0.000142s ]
INFO: [ app_end ] --START--
INFO: Run Behavior\ShowPageTraceBehavior [ RunTime:0.000347s ]
INFO: [ app_end ] --END-- [ RunTime:0.000392s ]

