[ 2016-08-24T17:08:37+08:00 ] ::1 /aliyunHost/lottery/
INFO: [ app_init ] --START--
INFO: Run Behavior\BuildLiteBehavior [ RunTime:0.000069s ]
INFO: [ app_init ] --END-- [ RunTime:0.008928s ]
INFO: [ app_begin ] --START--
INFO: Run Behavior\ReadHtmlCacheBehavior [ RunTime:0.007680s ]
INFO: [ app_begin ] --END-- [ RunTime:0.007886s ]
INFO: [ view_parse ] --START--
INFO: [ template_filter ] --START--
INFO: Run Behavior\ContentReplaceBehavior [ RunTime:0.000223s ]
INFO: [ template_filter ] --END-- [ RunTime:0.000459s ]
INFO: Run Behavior\ParseTemplateBehavior [ RunTime:0.039959s ]
INFO: [ view_parse ] --END-- [ RunTime:0.040144s ]
INFO: [ view_filter ] --START--
INFO: Run Behavior\WriteHtmlCacheBehavior [ RunTime:0.003177s ]
INFO: [ view_filter ] --END-- [ RunTime:0.003348s ]
INFO: [ app_end ] --START--
INFO: Run Behavior\ShowPageTraceBehavior [ RunTime:0.003878s ]
INFO: [ app_end ] --END-- [ RunTime:0.004068s ]

[ 2016-08-24T17:08:43+08:00 ] ::1 /aliyunHost/lottery/?s=/home/Index/signPage
INFO: [ app_init ] --START--
INFO: Run Behavior\BuildLiteBehavior [ RunTime:0.000064s ]
INFO: [ app_init ] --END-- [ RunTime:0.001025s ]
INFO: [ app_begin ] --START--
INFO: Run Behavior\ReadHtmlCacheBehavior [ RunTime:0.000923s ]
INFO: [ app_begin ] --END-- [ RunTime:0.001137s ]
INFO: [ view_parse ] --START--
INFO: [ template_filter ] --START--
INFO: Run Behavior\ContentReplaceBehavior [ RunTime:0.000103s ]
INFO: [ template_filter ] --END-- [ RunTime:0.000194s ]
INFO: Run Behavior\ParseTemplateBehavior [ RunTime:0.023823s ]
INFO: [ view_parse ] --END-- [ RunTime:0.023952s ]
INFO: [ view_filter ] --START--
INFO: Run Behavior\WriteHtmlCacheBehavior [ RunTime:0.000175s ]
INFO: [ view_filter ] --END-- [ RunTime:0.000248s ]
INFO: [ app_end ] --START--
INFO: Run Behavior\ShowPageTraceBehavior [ RunTime:0.000436s ]
INFO: [ app_end ] --END-- [ RunTime:0.000531s ]

[ 2016-08-24T17:09:27+08:00 ] ::1 /aliyunHost/lottery/?s=/home
INFO: [ app_init ] --START--
INFO: Run Behavior\BuildLiteBehavior [ RunTime:0.000018s ]
INFO: [ app_init ] --END-- [ RunTime:0.000265s ]
INFO: [ app_begin ] --START--
INFO: Run Behavior\ReadHtmlCacheBehavior [ RunTime:0.000625s ]
INFO: [ app_begin ] --END-- [ RunTime:0.000791s ]
INFO: [ view_parse ] --START--
INFO: [ template_filter ] --START--
INFO: Run Behavior\ContentReplaceBehavior [ RunTime:0.000063s ]
INFO: [ template_filter ] --END-- [ RunTime:0.000199s ]
INFO: Run Behavior\ParseTemplateBehavior [ RunTime:0.011007s ]
INFO: [ view_parse ] --END-- [ RunTime:0.011233s ]
INFO: [ view_filter ] --START--
INFO: Run Behavior\WriteHtmlCacheBehavior [ RunTime:0.000245s ]
INFO: [ view_filter ] --END-- [ RunTime:0.000388s ]
INFO: [ app_end ] --START--
INFO: Run Behavior\ShowPageTraceBehavior [ RunTime:0.001417s ]
INFO: [ app_end ] --END-- [ RunTime:0.002331s ]

[ 2016-08-24T17:09:33+08:00 ] ::1 /aliyunHost/lottery/?s=/home/Index/signPage
INFO: [ app_init ] --START--
INFO: Run Behavior\BuildLiteBehavior [ RunTime:0.000017s ]
INFO: [ app_init ] --END-- [ RunTime:0.000249s ]
INFO: [ app_begin ] --START--
INFO: Run Behavior\ReadHtmlCacheBehavior [ RunTime:0.000561s ]
INFO: [ app_begin ] --END-- [ RunTime:0.000717s ]
INFO: [ view_parse ] --START--
INFO: [ template_filter ] --START--
INFO: Run Behavior\ContentReplaceBehavior [ RunTime:0.000081s ]
INFO: [ template_filter ] --END-- [ RunTime:0.000236s ]
INFO: Run Behavior\ParseTemplateBehavior [ RunTime:0.020112s ]
INFO: [ view_parse ] --END-- [ RunTime:0.020268s ]
INFO: [ view_filter ] --START--
INFO: Run Behavior\WriteHtmlCacheBehavior [ RunTime:0.000243s ]
INFO: [ view_filter ] --END-- [ RunTime:0.000381s ]
INFO: [ app_end ] --START--
INFO: Run Behavior\ShowPageTraceBehavior [ RunTime:0.000611s ]
INFO: [ app_end ] --END-- [ RunTime:0.000754s ]

[ 2016-08-24T17:12:42+08:00 ] ::1 /aliyunHost/lottery/?s=/home
INFO: [ app_init ] --START--
INFO: Run Behavior\BuildLiteBehavior [ RunTime:0.000061s ]
INFO: [ app_init ] --END-- [ RunTime:0.004261s ]
INFO: [ app_begin ] --START--
INFO: Run Behavior\ReadHtmlCacheBehavior [ RunTime:0.003810s ]
INFO: [ app_begin ] --END-- [ RunTime:0.004020s ]
INFO: [ view_parse ] --START--
INFO: [ template_filter ] --START--
INFO: Run Behavior\ContentReplaceBehavior [ RunTime:0.000123s ]
INFO: [ template_filter ] --END-- [ RunTime:0.000313s ]
INFO: Run Behavior\ParseTemplateBehavior [ RunTime:0.028851s ]
INFO: [ view_parse ] --END-- [ RunTime:0.029035s ]
INFO: [ view_filter ] --START--
INFO: Run Behavior\WriteHtmlCacheBehavior [ RunTime:0.003684s ]
INFO: [ view_filter ] --END-- [ RunTime:0.003866s ]
INFO: [ app_end ] --START--
INFO: Run Behavior\ShowPageTraceBehavior [ RunTime:0.003742s ]
INFO: [ app_end ] --END-- [ RunTime:0.004070s ]

[ 2016-08-24T17:12:44+08:00 ] ::1 /aliyunHost/lottery/?s=/home/Index/signPage
INFO: [ app_init ] --START--
INFO: Run Behavior\BuildLiteBehavior [ RunTime:0.000018s ]
INFO: [ app_init ] --END-- [ RunTime:0.000271s ]
INFO: [ app_begin ] --START--
INFO: Run Behavior\ReadHtmlCacheBehavior [ RunTime:0.000292s ]
INFO: [ app_begin ] --END-- [ RunTime:0.000363s ]
INFO: [ view_parse ] --START--
INFO: [ template_filter ] --START--
INFO: Run Behavior\ContentReplaceBehavior [ RunTime:0.000131s ]
INFO: [ template_filter ] --END-- [ RunTime:0.000294s ]
INFO: Run Behavior\ParseTemplateBehavior [ RunTime:0.019278s ]
INFO: [ view_parse ] --END-- [ RunTime:0.019452s ]
INFO: [ view_filter ] --START--
INFO: Run Behavior\WriteHtmlCacheBehavior [ RunTime:0.000262s ]
INFO: [ view_filter ] --END-- [ RunTime:0.000403s ]
INFO: [ app_end ] --START--
INFO: Run Behavior\ShowPageTraceBehavior [ RunTime:0.000714s ]
INFO: [ app_end ] --END-- [ RunTime:0.000882s ]

[ 2016-08-24T17:12:59+08:00 ] ::1 /aliyunHost/lottery/?s=/Home/Index/checkSignIn
INFO: [ app_init ] --START--
INFO: Run Behavior\BuildLiteBehavior [ RunTime:0.000048s ]
INFO: [ app_init ] --END-- [ RunTime:0.000777s ]
INFO: [ app_begin ] --START--
INFO: Run Behavior\ReadHtmlCacheBehavior [ RunTime:0.000518s ]
INFO: [ app_begin ] --END-- [ RunTime:0.000665s ]
SQL: SHOW COLUMNS FROM `user` [ RunTime:0.0141s ]
SQL: SHOW COLUMNS FROM `all_staff` [ RunTime:0.0349s ]
SQL: SELECT * FROM `all_staff` WHERE `real_name` = 'sd' LIMIT 1   [ RunTime:0.0004s ]
SQL: SELECT * FROM `user` WHERE `real_name` = 'sd' LIMIT 1   [ RunTime:0.0002s ]
NOTIC: [2] call_user_func() expects parameter 1 to be a valid callback, no array or string given /Library/WebServer/Documents/aliyunHost/lottery/ThinkPHP/Library/Think/Upload.class.php 第 170 行.
NOTIC: [8] Undefined index: Expires /Library/WebServer/Documents/aliyunHost/lottery/ThinkPHP/Library/Think/Upload/Driver/Qiniu/QiniuStorage.class.php 第 45 行.
NOTIC: [8] Undefined index: saveName /Library/WebServer/Documents/aliyunHost/lottery/ThinkPHP/Library/Think/Upload/Driver/Qiniu/QiniuStorage.class.php 第 80 行.
NOTIC: [8] Undefined index: custom_fields /Library/WebServer/Documents/aliyunHost/lottery/ThinkPHP/Library/Think/Upload/Driver/Qiniu/QiniuStorage.class.php 第 83 行.
SQL: INSERT INTO `user` (`real_name`,`phone_number`,`status`,`lottery_allow`,`lottery_done`,`avatar_url`,`sign_time`) VALUES ('sd','324567890','未知','0','0','http://7xkr3w.com1.z0.glb.clouddn.com/2016-08-24_57bd651ae0f75.jpg','2016-08-24 17:12:59') [ RunTime:0.0199s ]
SQL: SHOW COLUMNS FROM `data_sum` [ RunTime:0.0221s ]
SQL: SELECT * FROM `data_sum` WHERE ( id=1 ) LIMIT 1   [ RunTime:0.0007s ]
SQL: UPDATE `data_sum` SET `latest_sign_number`='1' WHERE ( id=1 ) [ RunTime:0.0181s ]
SQL: UPDATE `data_sum` SET `last_sign_time`='1472029979',`total_sign_number`='51' WHERE ( id=1 ) [ RunTime:0.0087s ]
INFO: [ view_parse ] --START--
INFO: [ template_filter ] --START--
INFO: Run Behavior\ContentReplaceBehavior [ RunTime:0.000085s ]
INFO: [ template_filter ] --END-- [ RunTime:0.000288s ]
NOTIC: [8] Undefined variable: staffSigned /Library/WebServer/Documents/aliyunHost/lottery/Application/Runtime/Cache/Home/9bd8fd3820bd15d76e6d024319b9b9e9.php 第 30 行.
NOTIC: [8] Undefined variable: vipSigned /Library/WebServer/Documents/aliyunHost/lottery/Application/Runtime/Cache/Home/9bd8fd3820bd15d76e6d024319b9b9e9.php 第 31 行.
INFO: Run Behavior\ParseTemplateBehavior [ RunTime:0.030183s ]
INFO: [ view_parse ] --END-- [ RunTime:0.030403s ]
INFO: [ view_filter ] --START--
INFO: Run Behavior\WriteHtmlCacheBehavior [ RunTime:0.003273s ]
INFO: [ view_filter ] --END-- [ RunTime:0.003545s ]
INFO: [ app_end ] --START--
INFO: Run Behavior\ShowPageTraceBehavior [ RunTime:0.004109s ]
INFO: [ app_end ] --END-- [ RunTime:0.004418s ]

