[ 2016-08-24T17:08:45+08:00 ] ::1 /aliyunHost/lottery/?s=admin
INFO: [ app_init ] --START--
INFO: Run Behavior\BuildLiteBehavior [ RunTime:0.000038s ]
INFO: [ app_init ] --END-- [ RunTime:0.000546s ]
INFO: [ app_begin ] --START--
INFO: Run Behavior\ReadHtmlCacheBehavior [ RunTime:0.000623s ]
INFO: [ app_begin ] --END-- [ RunTime:0.000790s ]
ERR: SQLSTATE[HY000] [1045] Access denied for user 'root'@'localhost' (using password: YES)

[ 2016-08-24T17:09:11+08:00 ] ::1 /aliyunHost/lottery/?s=admin
INFO: [ app_init ] --START--
INFO: Run Behavior\BuildLiteBehavior [ RunTime:0.000073s ]
INFO: [ app_init ] --END-- [ RunTime:0.004344s ]
INFO: [ app_begin ] --START--
INFO: Run Behavior\ReadHtmlCacheBehavior [ RunTime:0.007984s ]
INFO: [ app_begin ] --END-- [ RunTime:0.008271s ]
SQL: SHOW COLUMNS FROM `user` [ RunTime:0.1399s ]
SQL: SHOW COLUMNS FROM `data_sum` [ RunTime:0.0786s ]
SQL: SELECT * FROM `data_sum` WHERE ( id=1 ) LIMIT 1   [ RunTime:0.0149s ]
SQL: SELECT * FROM `user` ORDER BY sign_time DESC  [ RunTime:0.0066s ]
INFO: [ view_parse ] --START--
INFO: [ template_filter ] --START--
INFO: Run Behavior\ContentReplaceBehavior [ RunTime:0.000202s ]
INFO: [ template_filter ] --END-- [ RunTime:0.000367s ]
INFO: Run Behavior\ParseTemplateBehavior [ RunTime:0.048317s ]
INFO: [ view_parse ] --END-- [ RunTime:0.048487s ]
INFO: [ view_filter ] --START--
INFO: Run Behavior\WriteHtmlCacheBehavior [ RunTime:0.000903s ]
INFO: [ view_filter ] --END-- [ RunTime:0.001053s ]
INFO: [ app_end ] --START--
INFO: Run Behavior\ShowPageTraceBehavior [ RunTime:0.003314s ]
INFO: [ app_end ] --END-- [ RunTime:0.003460s ]

[ 2016-08-24T17:09:23+08:00 ] ::1 /aliyunHost/lottery/?s=/Admin/Index/awardPage
INFO: [ app_init ] --START--
INFO: Run Behavior\BuildLiteBehavior [ RunTime:0.000144s ]
INFO: [ app_init ] --END-- [ RunTime:0.004585s ]
INFO: [ app_begin ] --START--
INFO: Run Behavior\ReadHtmlCacheBehavior [ RunTime:0.003830s ]
INFO: [ app_begin ] --END-- [ RunTime:0.004033s ]
SQL: SHOW COLUMNS FROM `award_goods` [ RunTime:0.0165s ]
SQL: SELECT * FROM `award_goods` ORDER BY winner_number  [ RunTime:0.0028s ]
INFO: [ view_parse ] --START--
INFO: [ template_filter ] --START--
INFO: Run Behavior\ContentReplaceBehavior [ RunTime:0.000060s ]
INFO: [ template_filter ] --END-- [ RunTime:0.000142s ]
INFO: Run Behavior\ParseTemplateBehavior [ RunTime:0.049415s ]
INFO: [ view_parse ] --END-- [ RunTime:0.049597s ]
INFO: [ view_filter ] --START--
INFO: Run Behavior\WriteHtmlCacheBehavior [ RunTime:0.001559s ]
INFO: [ view_filter ] --END-- [ RunTime:0.001713s ]
INFO: [ app_end ] --START--
INFO: Run Behavior\ShowPageTraceBehavior [ RunTime:0.005033s ]
INFO: [ app_end ] --END-- [ RunTime:0.005157s ]

[ 2016-08-24T17:09:48+08:00 ] ::1 /aliyunHost/lottery/?s=/Admin/Index/lotteryPage
INFO: [ app_init ] --START--
INFO: Run Behavior\BuildLiteBehavior [ RunTime:0.000098s ]
INFO: [ app_init ] --END-- [ RunTime:0.003944s ]
INFO: [ app_begin ] --START--
INFO: Run Behavior\ReadHtmlCacheBehavior [ RunTime:0.003844s ]
INFO: [ app_begin ] --END-- [ RunTime:0.004007s ]
SQL: SHOW COLUMNS FROM `award_goods` [ RunTime:0.0037s ]
SQL: SHOW COLUMNS FROM `config` [ RunTime:0.0101s ]
SQL: SELECT * FROM `config` WHERE ( id=1 ) LIMIT 1   [ RunTime:0.0049s ]
SQL: SELECT * FROM `award_goods` ORDER BY id  [ RunTime:0.0037s ]
INFO: [ view_parse ] --START--
INFO: [ template_filter ] --START--
INFO: Run Behavior\ContentReplaceBehavior [ RunTime:0.000181s ]
INFO: [ template_filter ] --END-- [ RunTime:0.000319s ]
INFO: Run Behavior\ParseTemplateBehavior [ RunTime:0.052348s ]
INFO: [ view_parse ] --END-- [ RunTime:0.052480s ]
INFO: [ view_filter ] --START--
INFO: Run Behavior\WriteHtmlCacheBehavior [ RunTime:0.001477s ]
INFO: [ view_filter ] --END-- [ RunTime:0.001611s ]
INFO: [ app_end ] --START--
INFO: Run Behavior\ShowPageTraceBehavior [ RunTime:0.003944s ]
INFO: [ app_end ] --END-- [ RunTime:0.004134s ]

[ 2016-08-24T17:09:48+08:00 ] ::1 /aliyunHost/lottery/?s=/Admin/Index/lotteryNowLevel
INFO: [ app_init ] --START--
INFO: Run Behavior\BuildLiteBehavior [ RunTime:0.000020s ]
INFO: [ app_init ] --END-- [ RunTime:0.000298s ]
INFO: [ app_begin ] --START--
INFO: Run Behavior\ReadHtmlCacheBehavior [ RunTime:0.000501s ]
INFO: [ app_begin ] --END-- [ RunTime:0.000620s ]
SQL: SHOW COLUMNS FROM `config` [ RunTime:0.0060s ]
SQL: SELECT * FROM `config` WHERE ( id=1 ) LIMIT 1   [ RunTime:0.0003s ]
INFO: [ app_end ] --START--
INFO: Run Behavior\ShowPageTraceBehavior [ RunTime:0.000560s ]
INFO: [ app_end ] --END-- [ RunTime:0.000683s ]

[ 2016-08-24T17:09:48+08:00 ] ::1 /aliyunHost/lottery/?s=/Admin/Index/lotteryPageAllSignUser
INFO: [ app_init ] --START--
INFO: Run Behavior\BuildLiteBehavior [ RunTime:0.000036s ]
INFO: [ app_init ] --END-- [ RunTime:0.000513s ]
INFO: [ app_begin ] --START--
INFO: Run Behavior\ReadHtmlCacheBehavior [ RunTime:0.000467s ]
INFO: [ app_begin ] --END-- [ RunTime:0.000549s ]
SQL: SHOW COLUMNS FROM `user` [ RunTime:0.0032s ]
SQL: SELECT * FROM `user` WHERE `lottery_done` = 0  [ RunTime:0.0006s ]
INFO: [ app_end ] --START--
INFO: Run Behavior\ShowPageTraceBehavior [ RunTime:0.001815s ]
INFO: [ app_end ] --END-- [ RunTime:0.001971s ]

[ 2016-08-24T17:10:08+08:00 ] ::1 /aliyunHost/lottery/?s=/Admin/Index/unknowSignUser
INFO: [ app_init ] --START--
INFO: Run Behavior\BuildLiteBehavior [ RunTime:0.000182s ]
INFO: [ app_init ] --END-- [ RunTime:0.004225s ]
INFO: [ app_begin ] --START--
INFO: Run Behavior\ReadHtmlCacheBehavior [ RunTime:0.003982s ]
INFO: [ app_begin ] --END-- [ RunTime:0.004208s ]
SQL: SHOW COLUMNS FROM `user` [ RunTime:0.0046s ]
SQL: SELECT * FROM `user` WHERE `status` = '未知'  [ RunTime:0.0032s ]
INFO: [ view_parse ] --START--
INFO: [ template_filter ] --START--
INFO: Run Behavior\ContentReplaceBehavior [ RunTime:0.000123s ]
INFO: [ template_filter ] --END-- [ RunTime:0.000318s ]
INFO: Run Behavior\ParseTemplateBehavior [ RunTime:0.045934s ]
INFO: [ view_parse ] --END-- [ RunTime:0.046294s ]
INFO: [ view_filter ] --START--
INFO: Run Behavior\WriteHtmlCacheBehavior [ RunTime:0.002686s ]
INFO: [ view_filter ] --END-- [ RunTime:0.002935s ]
INFO: [ app_end ] --START--
INFO: Run Behavior\ShowPageTraceBehavior [ RunTime:0.004124s ]
INFO: [ app_end ] --END-- [ RunTime:0.004388s ]

[ 2016-08-24T17:10:11+08:00 ] ::1 /aliyunHost/lottery/?s=/Admin/Index/adminLotteryUserList
INFO: [ app_init ] --START--
INFO: Run Behavior\BuildLiteBehavior [ RunTime:0.000018s ]
INFO: [ app_init ] --END-- [ RunTime:0.000265s ]
INFO: [ app_begin ] --START--
INFO: Run Behavior\ReadHtmlCacheBehavior [ RunTime:0.000276s ]
INFO: [ app_begin ] --END-- [ RunTime:0.000350s ]
SQL: SHOW COLUMNS FROM `lottery_list` [ RunTime:0.0089s ]
SQL: SELECT * FROM `lottery_list` WHERE `level` = '五等奖'  [ RunTime:0.0030s ]
SQL: SELECT * FROM `lottery_list` WHERE `level` = '四等奖'  [ RunTime:0.0004s ]
SQL: SELECT * FROM `lottery_list` WHERE `level` = '三等奖'  [ RunTime:0.0003s ]
SQL: SELECT * FROM `lottery_list` WHERE `level` = '二等奖'  [ RunTime:0.0002s ]
SQL: SELECT * FROM `lottery_list` WHERE `level` = '一等奖'  [ RunTime:0.0002s ]
SQL: SELECT * FROM `lottery_list` WHERE `level` = '特等奖'  [ RunTime:0.0002s ]
INFO: [ view_parse ] --START--
INFO: [ template_filter ] --START--
INFO: Run Behavior\ContentReplaceBehavior [ RunTime:0.000130s ]
INFO: [ template_filter ] --END-- [ RunTime:0.000282s ]
INFO: Run Behavior\ParseTemplateBehavior [ RunTime:0.033472s ]
INFO: [ view_parse ] --END-- [ RunTime:0.033562s ]
INFO: [ view_filter ] --START--
INFO: Run Behavior\WriteHtmlCacheBehavior [ RunTime:0.000133s ]
INFO: [ view_filter ] --END-- [ RunTime:0.000200s ]
INFO: [ app_end ] --START--
INFO: Run Behavior\ShowPageTraceBehavior [ RunTime:0.000610s ]
INFO: [ app_end ] --END-- [ RunTime:0.000796s ]

